{"obj": {"type": "AssignString", "path": ["sys", "description"], "value": ""}, "version": 1, "at": 1732095790.9226527}
{"obj": {"type": "AssignString", "path": ["monitoring", "39384530", "hostname"], "value": "e81340"}, "version": 2, "at": 1732095790.9236698}
{"obj": {"type": "AssignString", "path": ["sys", "hostname"], "value": "e81340"}, "version": 3, "at": 1732095790.9240515}
{"obj": {"type": "AssignString", "path": ["monitoring", "39384530", "pid"], "value": "25558"}, "version": 4, "at": 1732095790.924382}
{"obj": {"type": "AssignString", "path": ["monitoring", "39384530", "tid"], "value": "140670419900224"}, "version": 5, "at": 1732095790.9246953}
{"obj": {"type": "AssignBool", "path": ["sys", "failed"], "value": false}, "version": 6, "at": 1732095790.9250078}
{"obj": {"type": "UploadFileSet", "path": ["source_code", "files"], "file_globs": ["/echo/hammac01/RadialMamba/Autoencoder/**/**/*.py"], "reset": "False"}, "version": 7, "at": 1732095790.9255095}
{"obj": {"type": "UploadFile", "path": ["source_code", "diff"], "ext": "patch", "file_path": null, "tmp_file_name": "source_code_diff-1732095790.945532-2024-11-20_10.43.10.945532.patch", "clean_after_upload": false}, "version": 8, "at": 1732095790.9465036}
{"obj": {"type": "UploadFile", "path": ["source_code", "upstream_diff_6d179a121c9301251e0e1e4d832174de490855b6"], "ext": "patch", "file_path": null, "tmp_file_name": "source_code_upstream_diff_6d179a121c9301251e0e1e4d832174de490855b6-1732095790.946963-2024-11-20_10.43.10.946963.patch", "clean_after_upload": false}, "version": 9, "at": 1732095790.9476957}
{"obj": {"type": "AssignFloat", "path": ["parameters", "learning_rate"], "value": 0.001}, "version": 10, "at": 1732095791.6315663}
{"obj": {"type": "AssignString", "path": ["parameters", "optimizer"], "value": "Adam"}, "version": 11, "at": 1732095791.6324465}
{"obj": {"type": "LogFloats", "path": ["train", "batch", "loss"], "values": [{"value": 1.1745208607786926e+19, "step": null, "ts": 1732095796.9368317}]}, "version": 12, "at": 1732095796.9368927}
{"obj": {"type": "LogFloats", "path": ["train", "batch", "loss"], "values": [{"value": 5.680628720638672e+24, "step": null, "ts": 1732095801.2892885}]}, "version": 13, "at": 1732095801.2893689}
{"obj": {"type": "LogFloats", "path": ["train", "batch", "loss"], "values": [{"value": 7.227024464484515e+24, "step": null, "ts": 1732095805.6284058}]}, "version": 14, "at": 1732095805.6286004}
{"obj": {"type": "LogFloats", "path": ["train", "batch", "loss"], "values": [{"value": 4.75487425761354e+24, "step": null, "ts": 1732095810.0181272}]}, "version": 15, "at": 1732095810.018364}
{"obj": {"type": "LogFloats", "path": ["train", "batch", "loss"], "values": [{"value": 3.719776142630742e+24, "step": null, "ts": 1732095814.4734497}]}, "version": 16, "at": 1732095814.4735065}
{"obj": {"type": "LogFloats", "path": ["train", "batch", "loss"], "values": [{"value": 4.992587648658646e+24, "step": null, "ts": 1732095818.914889}]}, "version": 17, "at": 1732095818.9149337}
{"obj": {"type": "LogFloats", "path": ["train", "batch", "loss"], "values": [{"value": 5.116605109066195e+24, "step": null, "ts": 1732095823.4520786}]}, "version": 18, "at": 1732095823.4521847}
{"obj": {"type": "LogFloats", "path": ["train", "batch", "loss"], "values": [{"value": 5.36113284266428e+24, "step": null, "ts": 1732095827.7646601}]}, "version": 19, "at": 1732095827.764814}
{"obj": {"type": "LogFloats", "path": ["train", "batch", "loss"], "values": [{"value": 4.823856433537929e+24, "step": null, "ts": 1732095832.1357653}]}, "version": 20, "at": 1732095832.1358714}
{"obj": {"type": "LogFloats", "path": ["train", "batch", "loss"], "values": [{"value": 5.127876069695232e+24, "step": null, "ts": 1732095836.477507}]}, "version": 21, "at": 1732095836.4776537}
{"obj": {"type": "LogFloats", "path": ["train", "batch", "loss"], "values": [{"value": 3.936422775482919e+24, "step": null, "ts": 1732095840.8351827}]}, "version": 22, "at": 1732095840.835265}
{"obj": {"type": "LogFloats", "path": ["train", "batch", "loss"], "values": [{"value": 5.768942507891557e+24, "step": null, "ts": 1732095845.2355824}]}, "version": 23, "at": 1732095845.2356482}
{"obj": {"type": "LogFloats", "path": ["train", "batch", "loss"], "values": [{"value": 4.083017033024056e+24, "step": null, "ts": 1732095849.460132}]}, "version": 24, "at": 1732095849.4602017}
{"obj": {"type": "LogFloats", "path": ["train", "batch", "loss"], "values": [{"value": 5.078240493078898e+24, "step": null, "ts": 1732095853.7257345}]}, "version": 25, "at": 1732095853.7259202}
{"obj": {"type": "LogFloats", "path": ["train", "batch", "loss"], "values": [{"value": 4.155105179481856e+24, "step": null, "ts": 1732095857.9563093}]}, "version": 26, "at": 1732095857.956387}
{"obj": {"type": "LogFloats", "path": ["train", "batch", "loss"], "values": [{"value": 4.870973453127449e+24, "step": null, "ts": 1732095862.1868913}]}, "version": 27, "at": 1732095862.1869514}
{"obj": {"type": "LogFloats", "path": ["train", "batch", "loss"], "values": [{"value": 5.706361928621497e+24, "step": null, "ts": 1732095866.4567475}]}, "version": 28, "at": 1732095866.4568095}
{"obj": {"type": "LogFloats", "path": ["train", "batch", "loss"], "values": [{"value": 7.371484376090248e+24, "step": null, "ts": 1732095870.695661}]}, "version": 29, "at": 1732095870.695707}
{"obj": {"type": "LogFloats", "path": ["train", "batch", "loss"], "values": [{"value": 5.609375289350207e+24, "step": null, "ts": 1732095874.983269}]}, "version": 30, "at": 1732095874.9833355}
{"obj": {"type": "LogFloats", "path": ["train", "batch", "loss"], "values": [{"value": 7.960885519361379e+24, "step": null, "ts": 1732095879.2139683}]}, "version": 31, "at": 1732095879.2140963}
{"obj": {"type": "LogFloats", "path": ["train", "batch", "loss"], "values": [{"value": 5.827713258049643e+24, "step": null, "ts": 1732095883.5443563}]}, "version": 32, "at": 1732095883.5444038}
{"obj": {"type": "LogFloats", "path": ["train", "batch", "loss"], "values": [{"value": 8.83934771872829e+24, "step": null, "ts": 1732095887.8817692}]}, "version": 33, "at": 1732095887.8818336}
{"obj": {"type": "LogFloats", "path": ["train", "batch", "loss"], "values": [{"value": 5.209560558296627e+24, "step": null, "ts": 1732095892.199564}]}, "version": 34, "at": 1732095892.1996253}
{"obj": {"type": "LogFloats", "path": ["train", "batch", "loss"], "values": [{"value": 5.831905857101146e+24, "step": null, "ts": 1732095896.4556873}]}, "version": 35, "at": 1732095896.4557476}
{"obj": {"type": "LogFloats", "path": ["train", "batch", "loss"], "values": [{"value": 5.613147648513281e+24, "step": null, "ts": 1732095900.847862}]}, "version": 36, "at": 1732095900.847921}
{"obj": {"type": "LogFloats", "path": ["train", "batch", "loss"], "values": [{"value": 4.470775952134339e+24, "step": null, "ts": 1732095905.1877472}]}, "version": 37, "at": 1732095905.1877952}
{"obj": {"type": "LogFloats", "path": ["train", "batch", "loss"], "values": [{"value": 7.9971287597802e+24, "step": null, "ts": 1732095909.4739356}]}, "version": 38, "at": 1732095909.4740295}
{"obj": {"type": "LogFloats", "path": ["train", "batch", "loss"], "values": [{"value": 4.813101117051828e+24, "step": null, "ts": 1732095913.7565749}]}, "version": 39, "at": 1732095913.7567205}
{"obj": {"type": "LogFloats", "path": ["train", "batch", "loss"], "values": [{"value": 4.764733177629809e+24, "step": null, "ts": 1732095918.0707667}]}, "version": 40, "at": 1732095918.0708222}
{"obj": {"type": "LogFloats", "path": ["train", "batch", "loss"], "values": [{"value": 5.540697484703035e+24, "step": null, "ts": 1732095922.3788152}]}, "version": 41, "at": 1732095922.3788738}
{"obj": {"type": "LogFloats", "path": ["train", "batch", "loss"], "values": [{"value": 4.0140400452464375e+24, "step": null, "ts": 1732095926.6969998}]}, "version": 42, "at": 1732095926.6970563}
{"obj": {"type": "LogFloats", "path": ["train", "batch", "loss"], "values": [{"value": 5.704572017985595e+24, "step": null, "ts": 1732095931.0119114}]}, "version": 43, "at": 1732095931.0119689}
{"obj": {"type": "LogFloats", "path": ["train", "batch", "loss"], "values": [{"value": 4.207624789241964e+24, "step": null, "ts": 1732095935.430875}]}, "version": 44, "at": 1732095935.430932}
{"obj": {"type": "LogFloats", "path": ["train", "batch", "loss"], "values": [{"value": 1.6377691541876526e+25, "step": null, "ts": 1732095939.780979}]}, "version": 45, "at": 1732095939.7812006}
{"obj": {"type": "LogFloats", "path": ["train", "batch", "loss"], "values": [{"value": 5.485458709574311e+24, "step": null, "ts": 1732095944.0565996}]}, "version": 46, "at": 1732095944.0566442}
{"obj": {"type": "LogFloats", "path": ["train", "batch", "loss"], "values": [{"value": 2.027691703439556e+25, "step": null, "ts": 1732095948.3738558}]}, "version": 47, "at": 1732095948.3739095}
{"obj": {"type": "LogFloats", "path": ["train", "batch", "loss"], "values": [{"value": 5.416429263868233e+24, "step": null, "ts": 1732095952.684794}]}, "version": 48, "at": 1732095952.6848493}
{"obj": {"type": "LogFloats", "path": ["train", "batch", "loss"], "values": [{"value": 5.755325928461397e+24, "step": null, "ts": 1732095957.1376648}]}, "version": 49, "at": 1732095957.1377249}
{"obj": {"type": "LogFloats", "path": ["train", "batch", "loss"], "values": [{"value": 5.811865199047317e+24, "step": null, "ts": 1732095961.3458617}]}, "version": 50, "at": 1732095961.3459144}
{"obj": {"type": "LogFloats", "path": ["train", "batch", "loss"], "values": [{"value": 5.13231020580195e+24, "step": null, "ts": 1732095965.6493359}]}, "version": 51, "at": 1732095965.6493907}
{"obj": {"type": "LogFloats", "path": ["train", "batch", "loss"], "values": [{"value": 3.7662705846077745e+24, "step": null, "ts": 1732095969.9329488}]}, "version": 52, "at": 1732095969.9330022}
{"obj": {"type": "LogFloats", "path": ["train", "batch", "loss"], "values": [{"value": 6.486857505438203e+25, "step": null, "ts": 1732095974.1832523}]}, "version": 53, "at": 1732095974.1833048}
{"obj": {"type": "LogFloats", "path": ["train", "batch", "loss"], "values": [{"value": 6.583907555392246e+24, "step": null, "ts": 1732095978.517244}]}, "version": 54, "at": 1732095978.517296}
{"obj": {"type": "LogFloats", "path": ["train", "batch", "loss"], "values": [{"value": 5.0768396934508e+24, "step": null, "ts": 1732095982.7767756}]}, "version": 55, "at": 1732095982.776982}
{"obj": {"type": "LogFloats", "path": ["train", "batch", "loss"], "values": [{"value": 4.083773349531078e+24, "step": null, "ts": 1732095987.0770767}]}, "version": 56, "at": 1732095987.0771482}
{"obj": {"type": "LogFloats", "path": ["train", "batch", "loss"], "values": [{"value": 4.4076751170353256e+24, "step": null, "ts": 1732095991.3179}]}, "version": 57, "at": 1732095991.317965}
{"obj": {"type": "LogFloats", "path": ["train", "batch", "loss"], "values": [{"value": 5.983828629606199e+24, "step": null, "ts": 1732095995.6418614}]}, "version": 58, "at": 1732095995.6419244}
{"obj": {"type": "LogFloats", "path": ["train", "batch", "loss"], "values": [{"value": 5.087447147753936e+24, "step": null, "ts": 1732095999.8763928}]}, "version": 59, "at": 1732095999.8764536}
{"obj": {"type": "LogFloats", "path": ["train", "batch", "loss"], "values": [{"value": 6.267604693524862e+24, "step": null, "ts": 1732096004.1070256}]}, "version": 60, "at": 1732096004.1071334}
{"obj": {"type": "LogFloats", "path": ["train", "batch", "loss"], "values": [{"value": 5.540457100569324e+24, "step": null, "ts": 1732096008.3554673}]}, "version": 61, "at": 1732096008.3555374}
{"obj": {"type": "LogFloats", "path": ["train", "batch", "loss"], "values": [{"value": 6.401270954004466e+24, "step": null, "ts": 1732096012.5792124}]}, "version": 62, "at": 1732096012.5792706}
{"obj": {"type": "LogFloats", "path": ["train", "batch", "loss"], "values": [{"value": 8.143433345793304e+24, "step": null, "ts": 1732096016.8142438}]}, "version": 63, "at": 1732096016.8142922}
{"obj": {"type": "LogFloats", "path": ["train", "batch", "loss"], "values": [{"value": 5.009740814804186e+24, "step": null, "ts": 1732096021.1106315}]}, "version": 64, "at": 1732096021.1106908}
{"obj": {"type": "LogFloats", "path": ["train", "batch", "loss"], "values": [{"value": 1.0823803482239284e+25, "step": null, "ts": 1732096025.4074516}]}, "version": 65, "at": 1732096025.4075105}
{"obj": {"type": "LogFloats", "path": ["train", "batch", "loss"], "values": [{"value": 9.856615326181591e+24, "step": null, "ts": 1732096029.663804}]}, "version": 66, "at": 1732096029.6638641}
{"obj": {"type": "LogFloats", "path": ["train", "batch", "loss"], "values": [{"value": 1.6457893373422996e+25, "step": null, "ts": 1732096033.8987753}]}, "version": 67, "at": 1732096033.8988345}
{"obj": {"type": "LogFloats", "path": ["train", "batch", "loss"], "values": [{"value": 7.239621284843849e+24, "step": null, "ts": 1732096038.1405199}]}, "version": 68, "at": 1732096038.1405804}
{"obj": {"type": "LogFloats", "path": ["train", "batch", "loss"], "values": [{"value": 4.803242081743408e+25, "step": null, "ts": 1732096042.4125898}]}, "version": 69, "at": 1732096042.4126494}
{"obj": {"type": "LogFloats", "path": ["train", "batch", "loss"], "values": [{"value": 4.792446528296796e+24, "step": null, "ts": 1732096046.6722445}]}, "version": 70, "at": 1732096046.6724432}
{"obj": {"type": "LogFloats", "path": ["train", "batch", "loss"], "values": [{"value": 5.361776749324603e+24, "step": null, "ts": 1732096050.8785546}]}, "version": 71, "at": 1732096050.878598}
{"obj": {"type": "LogFloats", "path": ["train", "batch", "loss"], "values": [{"value": 4.764272873719095e+24, "step": null, "ts": 1732096055.2026575}]}, "version": 72, "at": 1732096055.202711}
{"obj": {"type": "LogFloats", "path": ["train", "batch", "loss"], "values": [{"value": 7.357060751606864e+24, "step": null, "ts": 1732096059.4615932}]}, "version": 73, "at": 1732096059.4616482}
{"obj": {"type": "LogFloats", "path": ["train", "batch", "loss"], "values": [{"value": 8.289287139498107e+24, "step": null, "ts": 1732096063.7533278}]}, "version": 74, "at": 1732096063.7533908}
{"obj": {"type": "LogFloats", "path": ["train", "batch", "loss"], "values": [{"value": 5.13389201410627e+24, "step": null, "ts": 1732096068.0980313}]}, "version": 75, "at": 1732096068.09809}
{"obj": {"type": "LogFloats", "path": ["train", "batch", "loss"], "values": [{"value": 5.882380184112081e+24, "step": null, "ts": 1732096072.381543}]}, "version": 76, "at": 1732096072.381596}
{"obj": {"type": "LogFloats", "path": ["train", "batch", "loss"], "values": [{"value": 5.137697807992977e+24, "step": null, "ts": 1732096076.6254249}]}, "version": 77, "at": 1732096076.625475}
{"obj": {"type": "LogFloats", "path": ["train", "batch", "loss"], "values": [{"value": 4.969187953801145e+24, "step": null, "ts": 1732096080.89933}]}, "version": 78, "at": 1732096080.8993838}
{"obj": {"type": "LogFloats", "path": ["train", "batch", "loss"], "values": [{"value": 5.239274227774107e+24, "step": null, "ts": 1732096085.2419925}]}, "version": 79, "at": 1732096085.242046}
{"obj": {"type": "LogFloats", "path": ["train", "batch", "loss"], "values": [{"value": 3.8908555706259666e+24, "step": null, "ts": 1732096089.476883}]}, "version": 80, "at": 1732096089.4769359}
{"obj": {"type": "LogFloats", "path": ["train", "batch", "loss"], "values": [{"value": 6.819887528955176e+24, "step": null, "ts": 1732096093.7706652}]}, "version": 81, "at": 1732096093.7707171}
{"obj": {"type": "LogFloats", "path": ["train", "batch", "loss"], "values": [{"value": 4.1033297805529716e+24, "step": null, "ts": 1732096098.0041935}]}, "version": 82, "at": 1732096098.0042462}
{"obj": {"type": "LogFloats", "path": ["train", "batch", "loss"], "values": [{"value": 6.17573529635177e+24, "step": null, "ts": 1732096102.2230797}]}, "version": 83, "at": 1732096102.2231324}
{"obj": {"type": "LogFloats", "path": ["train", "batch", "loss"], "values": [{"value": 3.881729447518025e+25, "step": null, "ts": 1732096106.5680594}]}, "version": 84, "at": 1732096106.568113}
{"obj": {"type": "LogFloats", "path": ["train", "batch", "loss"], "values": [{"value": 4.759871595875258e+24, "step": null, "ts": 1732096110.8160563}]}, "version": 85, "at": 1732096110.8161616}
{"obj": {"type": "LogFloats", "path": ["train", "batch", "loss"], "values": [{"value": 6.934035404822538e+24, "step": null, "ts": 1732096115.148509}]}, "version": 86, "at": 1732096115.1485598}
{"obj": {"type": "LogFloats", "path": ["train", "batch", "loss"], "values": [{"value": 4.718754668026088e+24, "step": null, "ts": 1732096119.4252367}]}, "version": 87, "at": 1732096119.4252925}
{"obj": {"type": "LogFloats", "path": ["train", "batch", "loss"], "values": [{"value": 3.4790086625199326e+24, "step": null, "ts": 1732096123.709787}]}, "version": 88, "at": 1732096123.7098372}
{"obj": {"type": "LogFloats", "path": ["train", "batch", "loss"], "values": [{"value": 5.031463585333236e+24, "step": null, "ts": 1732096127.9125395}]}, "version": 89, "at": 1732096127.9125912}
{"obj": {"type": "LogFloats", "path": ["train", "batch", "loss"], "values": [{"value": 5.676371557982911e+24, "step": null, "ts": 1732096132.199254}]}, "version": 90, "at": 1732096132.1993074}
{"obj": {"type": "LogFloats", "path": ["train", "batch", "loss"], "values": [{"value": 3.88761297889426e+24, "step": null, "ts": 1732096136.5057921}]}, "version": 91, "at": 1732096136.5058706}
{"obj": {"type": "LogFloats", "path": ["train", "batch", "loss"], "values": [{"value": 3.80337707500317e+24, "step": null, "ts": 1732096140.7496228}]}, "version": 92, "at": 1732096140.7496927}
{"obj": {"type": "LogFloats", "path": ["train", "batch", "loss"], "values": [{"value": 4.133722232566289e+24, "step": null, "ts": 1732096145.079127}]}, "version": 93, "at": 1732096145.07919}
{"obj": {"type": "LogFloats", "path": ["train", "batch", "loss"], "values": [{"value": 4.406743268229227e+24, "step": null, "ts": 1732096149.3500109}]}, "version": 94, "at": 1732096149.3500745}
{"obj": {"type": "LogFloats", "path": ["train", "batch", "loss"], "values": [{"value": 1.774980763586073e+25, "step": null, "ts": 1732096153.590787}]}, "version": 95, "at": 1732096153.5908473}
{"obj": {"type": "LogFloats", "path": ["train", "batch", "loss"], "values": [{"value": 5.415191026172285e+24, "step": null, "ts": 1732096157.9009461}]}, "version": 96, "at": 1732096157.901007}
{"obj": {"type": "LogFloats", "path": ["train", "batch", "loss"], "values": [{"value": 1.1526991060486083e+25, "step": null, "ts": 1732096162.2335877}]}, "version": 97, "at": 1732096162.2336416}
{"obj": {"type": "LogFloats", "path": ["train", "batch", "loss"], "values": [{"value": 4.7186754046726464e+24, "step": null, "ts": 1732096166.5589147}]}, "version": 98, "at": 1732096166.558968}
{"obj": {"type": "LogFloats", "path": ["train", "batch", "loss"], "values": [{"value": 4.3464103094323985e+24, "step": null, "ts": 1732096170.9140315}]}, "version": 99, "at": 1732096170.9140842}
{"obj": {"type": "LogFloats", "path": ["train", "batch", "loss"], "values": [{"value": 4.531745611832087e+24, "step": null, "ts": 1732096175.2885246}]}, "version": 100, "at": 1732096175.2885873}
{"obj": {"type": "LogFloats", "path": ["train", "batch", "loss"], "values": [{"value": 4.969061132435638e+24, "step": null, "ts": 1732096179.5322556}]}, "version": 101, "at": 1732096179.5323179}
{"obj": {"type": "LogFloats", "path": ["train", "batch", "loss"], "values": [{"value": 1.453840243085359e+25, "step": null, "ts": 1732096183.798815}]}, "version": 102, "at": 1732096183.7988741}
{"obj": {"type": "LogFloats", "path": ["train", "batch", "loss"], "values": [{"value": 4.7185972942407093e+24, "step": null, "ts": 1732096188.0389676}]}, "version": 103, "at": 1732096188.0390275}
{"obj": {"type": "LogFloats", "path": ["train", "batch", "loss"], "values": [{"value": 5.752252239730116e+24, "step": null, "ts": 1732096192.282412}]}, "version": 104, "at": 1732096192.2825866}
{"obj": {"type": "LogFloats", "path": ["train", "batch", "loss"], "values": [{"value": 3.8023659628436296e+24, "step": null, "ts": 1732096196.543618}]}, "version": 105, "at": 1732096196.5436711}
{"obj": {"type": "LogFloats", "path": ["train", "batch", "loss"], "values": [{"value": 5.463515154577129e+24, "step": null, "ts": 1732096200.7790022}]}, "version": 106, "at": 1732096200.7790704}
{"obj": {"type": "LogFloats", "path": ["train", "batch", "loss"], "values": [{"value": 5.002659570922891e+24, "step": null, "ts": 1732096205.1228297}]}, "version": 107, "at": 1732096205.1228936}
{"obj": {"type": "LogFloats", "path": ["train", "batch", "loss"], "values": [{"value": 5.982193786912667e+24, "step": null, "ts": 1732096209.394074}]}, "version": 108, "at": 1732096209.3941367}
{"obj": {"type": "LogFloats", "path": ["train", "batch", "loss"], "values": [{"value": 4.127163838587333e+24, "step": null, "ts": 1732096213.6600425}]}, "version": 109, "at": 1732096213.6601028}
{"obj": {"type": "LogFloats", "path": ["train", "batch", "loss"], "values": [{"value": 5.364966306667097e+24, "step": null, "ts": 1732096217.9670463}]}, "version": 110, "at": 1732096217.9671082}
{"obj": {"type": "LogFloats", "path": ["train", "batch", "loss"], "values": [{"value": 4.625370908456695e+24, "step": null, "ts": 1732096222.2970855}]}, "version": 111, "at": 1732096222.297145}
{"obj": {"type": "LogFloats", "path": ["train", "batch", "loss"], "values": [{"value": 1.1102599501718798e+25, "step": null, "ts": 1732096226.6699233}]}, "version": 112, "at": 1732096226.669987}
{"obj": {"type": "LogFloats", "path": ["train", "batch", "loss"], "values": [{"value": 4.3287288170073717e+24, "step": null, "ts": 1732096230.9926996}]}, "version": 113, "at": 1732096230.9927485}
{"obj": {"type": "LogFloats", "path": ["train", "batch", "loss"], "values": [{"value": 5.281168512947758e+24, "step": null, "ts": 1732096235.3712432}]}, "version": 114, "at": 1732096235.3712993}
{"obj": {"type": "LogFloats", "path": ["train", "batch", "loss"], "values": [{"value": 5.71211385400798e+24, "step": null, "ts": 1732096239.7079365}]}, "version": 115, "at": 1732096239.7079895}
{"obj": {"type": "LogFloats", "path": ["train", "batch", "loss"], "values": [{"value": 4.3773060116824766e+24, "step": null, "ts": 1732096244.0062666}]}, "version": 116, "at": 1732096244.006319}
{"obj": {"type": "LogFloats", "path": ["train", "batch", "loss"], "values": [{"value": 5.881116582143032e+24, "step": null, "ts": 1732096248.3017907}]}, "version": 117, "at": 1732096248.3018303}
{"obj": {"type": "LogFloats", "path": ["train", "batch", "loss"], "values": [{"value": 4.968952181353453e+24, "step": null, "ts": 1732096252.615868}]}, "version": 118, "at": 1732096252.6159194}
{"obj": {"type": "LogFloats", "path": ["train", "batch", "loss"], "values": [{"value": 1.9808007717570893e+25, "step": null, "ts": 1732096256.9069924}]}, "version": 119, "at": 1732096256.9070752}
{"obj": {"type": "LogFloats", "path": ["train", "batch", "loss"], "values": [{"value": 7.232794836615072e+24, "step": null, "ts": 1732096261.2522995}]}, "version": 120, "at": 1732096261.2523644}
{"obj": {"type": "LogFloats", "path": ["train", "batch", "loss"], "values": [{"value": 4.939882418536296e+24, "step": null, "ts": 1732096265.7132776}]}, "version": 121, "at": 1732096265.713325}
{"obj": {"type": "LogFloats", "path": ["train", "batch", "loss"], "values": [{"value": 5.178566569488281e+24, "step": null, "ts": 1732096270.0684063}]}, "version": 122, "at": 1732096270.0684638}
{"obj": {"type": "LogFloats", "path": ["train", "batch", "loss"], "values": [{"value": 4.346365633724095e+24, "step": null, "ts": 1732096274.4072862}]}, "version": 123, "at": 1732096274.4073303}
{"obj": {"type": "LogFloats", "path": ["train", "batch", "loss"], "values": [{"value": 4.721507844579089e+24, "step": null, "ts": 1732096278.7354355}]}, "version": 124, "at": 1732096278.735487}
{"obj": {"type": "LogFloats", "path": ["train", "batch", "loss"], "values": [{"value": 4.407472202850515e+24, "step": null, "ts": 1732096283.0938127}]}, "version": 125, "at": 1732096283.0938635}
{"obj": {"type": "LogFloats", "path": ["train", "batch", "loss"], "values": [{"value": 3.708756807120086e+24, "step": null, "ts": 1732096287.47018}]}, "version": 126, "at": 1732096287.4702415}
{"obj": {"type": "LogFloats", "path": ["train", "batch", "loss"], "values": [{"value": 5.766436633001294e+24, "step": null, "ts": 1732096291.7537532}]}, "version": 127, "at": 1732096291.7538135}
{"obj": {"type": "LogFloats", "path": ["train", "batch", "loss"], "values": [{"value": 3.861796184102351e+24, "step": null, "ts": 1732096296.0876725}]}, "version": 128, "at": 1732096296.087802}
{"obj": {"type": "LogFloats", "path": ["train", "batch", "loss"], "values": [{"value": 3.7871788160938197e+24, "step": null, "ts": 1732096300.4058433}]}, "version": 129, "at": 1732096300.4059029}
{"obj": {"type": "LogFloats", "path": ["train", "batch", "loss"], "values": [{"value": 4.5317069889616825e+24, "step": null, "ts": 1732096304.6498358}]}, "version": 130, "at": 1732096304.6498888}
{"obj": {"type": "LogFloats", "path": ["train", "batch", "loss"], "values": [{"value": 6.021024759648578e+24, "step": null, "ts": 1732096308.9066002}]}, "version": 131, "at": 1732096308.906651}
{"obj": {"type": "LogFloats", "path": ["train", "batch", "loss"], "values": [{"value": 5.216845869284237e+24, "step": null, "ts": 1732096313.1495347}]}, "version": 132, "at": 1732096313.1495936}
{"obj": {"type": "LogFloats", "path": ["train", "batch", "loss"], "values": [{"value": 5.527019223972379e+24, "step": null, "ts": 1732096317.5072482}]}, "version": 133, "at": 1732096317.5073009}
{"obj": {"type": "LogFloats", "path": ["train", "batch", "loss"], "values": [{"value": 1.153978848918722e+25, "step": null, "ts": 1732096321.8055284}]}, "version": 134, "at": 1732096321.8055785}
{"obj": {"type": "LogFloats", "path": ["train", "batch", "loss"], "values": [{"value": 5.201189771712429e+24, "step": null, "ts": 1732096326.12478}]}, "version": 135, "at": 1732096326.1248355}
{"obj": {"type": "LogFloats", "path": ["train", "batch", "loss"], "values": [{"value": 1.351112977058331e+25, "step": null, "ts": 1732096330.377704}]}, "version": 136, "at": 1732096330.3777618}
{"obj": {"type": "LogFloats", "path": ["train", "batch", "loss"], "values": [{"value": 5.208168405579814e+24, "step": null, "ts": 1732096334.603183}]}, "version": 137, "at": 1732096334.6032228}
{"obj": {"type": "LogFloats", "path": ["train", "batch", "loss"], "values": [{"value": 4.350034229951754e+24, "step": null, "ts": 1732096338.912835}]}, "version": 138, "at": 1732096338.912876}
{"obj": {"type": "LogFloats", "path": ["train", "batch", "loss"], "values": [{"value": 1.6455279700372053e+25, "step": null, "ts": 1732096343.203241}]}, "version": 139, "at": 1732096343.2032819}
{"obj": {"type": "LogFloats", "path": ["train", "batch", "loss"], "values": [{"value": 4.99134249343367e+24, "step": null, "ts": 1732096347.516093}]}, "version": 140, "at": 1732096347.5162191}
{"obj": {"type": "LogFloats", "path": ["train", "batch", "loss"], "values": [{"value": 7.362263309896402e+24, "step": null, "ts": 1732096351.7917147}]}, "version": 141, "at": 1732096351.7917995}
{"obj": {"type": "LogFloats", "path": ["train", "batch", "loss"], "values": [{"value": 8.077498917866343e+24, "step": null, "ts": 1732096356.169327}]}, "version": 142, "at": 1732096356.169426}
{"obj": {"type": "LogFloats", "path": ["train", "batch", "loss"], "values": [{"value": 3.9920169386654375e+24, "step": null, "ts": 1732096360.443944}]}, "version": 143, "at": 1732096360.444003}
{"obj": {"type": "LogFloats", "path": ["train", "batch", "loss"], "values": [{"value": 5.342528148344439e+24, "step": null, "ts": 1732096364.7586012}]}, "version": 144, "at": 1732096364.758657}
{"obj": {"type": "LogFloats", "path": ["train", "batch", "loss"], "values": [{"value": 5.130525483312818e+24, "step": null, "ts": 1732096368.997566}]}, "version": 145, "at": 1732096368.9976206}
{"obj": {"type": "LogFloats", "path": ["train", "batch", "loss"], "values": [{"value": 5.262507325474192e+24, "step": null, "ts": 1732096373.2343807}]}, "version": 146, "at": 1732096373.2344213}
{"obj": {"type": "LogFloats", "path": ["train", "batch", "loss"], "values": [{"value": 4.581172509656087e+24, "step": null, "ts": 1732096377.485332}]}, "version": 147, "at": 1732096377.4853842}
{"obj": {"type": "LogFloats", "path": ["train", "batch", "loss"], "values": [{"value": 4.58406634263265e+24, "step": null, "ts": 1732096381.795442}]}, "version": 148, "at": 1732096381.795494}
{"obj": {"type": "LogFloats", "path": ["train", "batch", "loss"], "values": [{"value": 4.420882121100973e+24, "step": null, "ts": 1732096386.0748653}]}, "version": 149, "at": 1732096386.0749197}
{"obj": {"type": "LogFloats", "path": ["train", "batch", "loss"], "values": [{"value": 5.074515403697513e+24, "step": null, "ts": 1732096390.3196263}]}, "version": 150, "at": 1732096390.319668}
{"obj": {"type": "LogFloats", "path": ["train", "batch", "loss"], "values": [{"value": 5.790065182777459e+24, "step": null, "ts": 1732096394.531438}]}, "version": 151, "at": 1732096394.5314918}
{"obj": {"type": "LogFloats", "path": ["train", "batch", "loss"], "values": [{"value": 3.992004544759263e+24, "step": null, "ts": 1732096398.7413955}]}, "version": 152, "at": 1732096398.74144}
{"obj": {"type": "LogFloats", "path": ["train", "batch", "loss"], "values": [{"value": 4.0588238399410097e+24, "step": null, "ts": 1732096403.176231}]}, "version": 153, "at": 1732096403.1762724}
{"obj": {"type": "LogFloats", "path": ["train", "loss"], "values": [{"value": 4.989502835314812e+26, "step": null, "ts": 1732096403.1787982}]}, "version": 154, "at": 1732096403.1788237}
