{"obj": {"type": "AssignString", "path": ["sys", "description"], "value": ""}, "version": 1, "at": 1730452567.0485756}
{"obj": {"type": "AssignString", "path": ["monitoring", "c6d9c4e8", "hostname"], "value": "e81158"}, "version": 2, "at": 1730452567.0494943}
{"obj": {"type": "AssignString", "path": ["sys", "hostname"], "value": "e81158"}, "version": 3, "at": 1730452567.0498843}
{"obj": {"type": "AssignString", "path": ["monitoring", "c6d9c4e8", "pid"], "value": "378573"}, "version": 4, "at": 1730452567.050319}
{"obj": {"type": "AssignString", "path": ["monitoring", "c6d9c4e8", "tid"], "value": "140515459454784"}, "version": 5, "at": 1730452567.0507662}
{"obj": {"type": "AssignBool", "path": ["sys", "failed"], "value": false}, "version": 6, "at": 1730452567.0512223}
{"obj": {"type": "UploadFileSet", "path": ["source_code", "files"], "file_globs": ["/echo/hammac01/RadialMamba/Autoencoder/**/**/*.py"], "reset": "False"}, "version": 7, "at": 1730452567.0519836}
{"obj": {"type": "UploadFile", "path": ["source_code", "diff"], "ext": "patch", "file_path": null, "tmp_file_name": "source_code_diff-1730452567.078034-2024-11-01_10.16.07.078034.patch", "clean_after_upload": false}, "version": 8, "at": 1730452567.0791857}
{"obj": {"type": "UploadFile", "path": ["source_code", "upstream_diff_6d179a121c9301251e0e1e4d832174de490855b6"], "ext": "patch", "file_path": null, "tmp_file_name": "source_code_upstream_diff_6d179a121c9301251e0e1e4d832174de490855b6-1730452567.079658-2024-11-01_10.16.07.079658.patch", "clean_after_upload": false}, "version": 9, "at": 1730452567.080498}
{"obj": {"type": "AssignFloat", "path": ["parameters", "learning_rate"], "value": 0.001}, "version": 10, "at": 1730452567.3703916}
{"obj": {"type": "AssignString", "path": ["parameters", "optimizer"], "value": "Adam"}, "version": 11, "at": 1730452567.3712537}
{"obj": {"type": "LogFloats", "path": ["train", "batch", "loss"], "values": [{"value": 1.0993760579922952e+19, "step": null, "ts": 1730452573.6828015}]}, "version": 12, "at": 1730452573.6829176}
{"obj": {"type": "LogFloats", "path": ["train", "batch", "loss"], "values": [{"value": 3.913835066601324e+24, "step": null, "ts": 1730452579.2580564}]}, "version": 13, "at": 1730452579.2582085}
{"obj": {"type": "LogFloats", "path": ["train", "batch", "loss"], "values": [{"value": 5.26557874936875e+24, "step": null, "ts": 1730452584.6884232}]}, "version": 14, "at": 1730452584.6886055}
{"obj": {"type": "LogFloats", "path": ["train", "batch", "loss"], "values": [{"value": 6.489964381669029e+24, "step": null, "ts": 1730452590.1087465}]}, "version": 15, "at": 1730452590.108803}
{"obj": {"type": "LogFloats", "path": ["train", "batch", "loss"], "values": [{"value": 8.117429674608747e+24, "step": null, "ts": 1730452595.490165}]}, "version": 16, "at": 1730452595.490245}
{"obj": {"type": "LogFloats", "path": ["train", "batch", "loss"], "values": [{"value": 9.505096806192653e+24, "step": null, "ts": 1730452600.7911196}]}, "version": 17, "at": 1730452600.7911837}
{"obj": {"type": "LogFloats", "path": ["train", "batch", "loss"], "values": [{"value": 1.0783341310695829e+25, "step": null, "ts": 1730452606.0399714}]}, "version": 18, "at": 1730452606.0401251}
{"obj": {"type": "LogFloats", "path": ["train", "batch", "loss"], "values": [{"value": 1.2396381826230658e+25, "step": null, "ts": 1730452611.2704117}]}, "version": 19, "at": 1730452611.270507}
{"obj": {"type": "LogFloats", "path": ["train", "batch", "loss"], "values": [{"value": 1.4706512838750361e+25, "step": null, "ts": 1730452616.6506112}]}, "version": 20, "at": 1730452616.650747}
{"obj": {"type": "LogFloats", "path": ["train", "batch", "loss"], "values": [{"value": 1.7638821111765287e+25, "step": null, "ts": 1730452622.0356226}]}, "version": 21, "at": 1730452622.0356717}
{"obj": {"type": "LogFloats", "path": ["train", "batch", "loss"], "values": [{"value": 1.9191056258916775e+25, "step": null, "ts": 1730452627.2252777}]}, "version": 22, "at": 1730452627.2254078}
{"obj": {"type": "LogFloats", "path": ["train", "batch", "loss"], "values": [{"value": 2.2860270164271855e+25, "step": null, "ts": 1730452632.539741}]}, "version": 23, "at": 1730452632.539813}
{"obj": {"type": "LogFloats", "path": ["train", "batch", "loss"], "values": [{"value": 2.4221874640552995e+25, "step": null, "ts": 1730452637.7148387}]}, "version": 24, "at": 1730452637.7149293}
{"obj": {"type": "LogFloats", "path": ["train", "batch", "loss"], "values": [{"value": 2.5879113410773245e+25, "step": null, "ts": 1730452642.8729398}]}, "version": 25, "at": 1730452642.8730016}
{"obj": {"type": "LogFloats", "path": ["train", "batch", "loss"], "values": [{"value": 2.7705103860470918e+25, "step": null, "ts": 1730452648.032824}]}, "version": 26, "at": 1730452648.0328727}
{"obj": {"type": "LogFloats", "path": ["train", "batch", "loss"], "values": [{"value": 2.91041828973378e+25, "step": null, "ts": 1730452653.3159018}]}, "version": 27, "at": 1730452653.3159413}
{"obj": {"type": "LogFloats", "path": ["train", "batch", "loss"], "values": [{"value": 3.072361434500304e+25, "step": null, "ts": 1730452658.5451665}]}, "version": 28, "at": 1730452658.5452669}
{"obj": {"type": "LogFloats", "path": ["train", "batch", "loss"], "values": [{"value": 3.197169035249517e+25, "step": null, "ts": 1730452663.6750998}]}, "version": 29, "at": 1730452663.675144}
{"obj": {"type": "LogFloats", "path": ["train", "batch", "loss"], "values": [{"value": 3.366277558344135e+25, "step": null, "ts": 1730452668.8735456}]}, "version": 30, "at": 1730452668.873588}
{"obj": {"type": "LogFloats", "path": ["train", "batch", "loss"], "values": [{"value": 3.494019142561309e+25, "step": null, "ts": 1730452674.2226012}]}, "version": 31, "at": 1730452674.2226737}
{"obj": {"type": "LogFloats", "path": ["train", "batch", "loss"], "values": [{"value": 3.6872933327380506e+25, "step": null, "ts": 1730452679.588529}]}, "version": 32, "at": 1730452679.5885718}
{"obj": {"type": "LogFloats", "path": ["train", "batch", "loss"], "values": [{"value": 3.830262329488583e+25, "step": null, "ts": 1730452684.78134}]}, "version": 33, "at": 1730452684.7813783}
{"obj": {"type": "LogFloats", "path": ["train", "batch", "loss"], "values": [{"value": 3.995178844403969e+25, "step": null, "ts": 1730452690.13585}]}, "version": 34, "at": 1730452690.1359017}
{"obj": {"type": "LogFloats", "path": ["train", "batch", "loss"], "values": [{"value": 4.394119949187434e+25, "step": null, "ts": 1730452695.6087725}]}, "version": 35, "at": 1730452695.6088448}
{"obj": {"type": "LogFloats", "path": ["train", "batch", "loss"], "values": [{"value": 4.516305417324163e+25, "step": null, "ts": 1730452701.0798273}]}, "version": 36, "at": 1730452701.0798957}
{"obj": {"type": "LogFloats", "path": ["train", "batch", "loss"], "values": [{"value": 4.649876504133562e+25, "step": null, "ts": 1730452706.6189594}]}, "version": 37, "at": 1730452706.6190014}
{"obj": {"type": "LogFloats", "path": ["train", "batch", "loss"], "values": [{"value": 4.8117974407496035e+25, "step": null, "ts": 1730452712.0779884}]}, "version": 38, "at": 1730452712.0780604}
{"obj": {"type": "LogFloats", "path": ["train", "batch", "loss"], "values": [{"value": 4.933950843256986e+25, "step": null, "ts": 1730452717.6629932}]}, "version": 39, "at": 1730452717.6630352}
{"obj": {"type": "LogFloats", "path": ["train", "batch", "loss"], "values": [{"value": 5.091290257163464e+25, "step": null, "ts": 1730452723.0588293}]}, "version": 40, "at": 1730452723.058899}
{"obj": {"type": "LogFloats", "path": ["train", "batch", "loss"], "values": [{"value": 5.273756226168562e+25, "step": null, "ts": 1730452728.25576}]}, "version": 41, "at": 1730452728.2558014}
{"obj": {"type": "LogFloats", "path": ["train", "batch", "loss"], "values": [{"value": 5.489247819022868e+25, "step": null, "ts": 1730452733.556225}]}, "version": 42, "at": 1730452733.556267}
{"obj": {"type": "LogFloats", "path": ["train", "batch", "loss"], "values": [{"value": 5.649288542426159e+25, "step": null, "ts": 1730452739.0463765}]}, "version": 43, "at": 1730452739.046456}
{"obj": {"type": "LogFloats", "path": ["train", "batch", "loss"], "values": [{"value": 5.81130847176489e+25, "step": null, "ts": 1730452744.327159}]}, "version": 44, "at": 1730452744.3272305}
{"obj": {"type": "LogFloats", "path": ["train", "batch", "loss"], "values": [{"value": 5.9385940322924355e+25, "step": null, "ts": 1730452750.4492595}]}, "version": 45, "at": 1730452750.4493656}
{"obj": {"type": "LogFloats", "path": ["train", "batch", "loss"], "values": [{"value": 6.086970908240958e+25, "step": null, "ts": 1730452755.9754157}]}, "version": 46, "at": 1730452755.9755025}
{"obj": {"type": "LogFloats", "path": ["train", "batch", "loss"], "values": [{"value": 7.997366798936973e+25, "step": null, "ts": 1730452761.3094583}]}, "version": 47, "at": 1730452761.3095303}
{"obj": {"type": "LogFloats", "path": ["train", "batch", "loss"], "values": [{"value": 8.169937084141324e+25, "step": null, "ts": 1730452766.6144702}]}, "version": 48, "at": 1730452766.6145132}
{"obj": {"type": "LogFloats", "path": ["train", "batch", "loss"], "values": [{"value": 8.681494466219356e+25, "step": null, "ts": 1730452771.9489725}]}, "version": 49, "at": 1730452771.949111}
{"obj": {"type": "LogFloats", "path": ["train", "batch", "loss"], "values": [{"value": 8.824230688118108e+25, "step": null, "ts": 1730452777.2434397}]}, "version": 50, "at": 1730452777.2434866}
{"obj": {"type": "LogFloats", "path": ["train", "batch", "loss"], "values": [{"value": 9.158904547116349e+25, "step": null, "ts": 1730452782.6877239}]}, "version": 51, "at": 1730452782.6877728}
{"obj": {"type": "LogFloats", "path": ["train", "batch", "loss"], "values": [{"value": 9.295897908473947e+25, "step": null, "ts": 1730452788.0503862}]}, "version": 52, "at": 1730452788.0504339}
{"obj": {"type": "LogFloats", "path": ["train", "batch", "loss"], "values": [{"value": 9.468397764585885e+25, "step": null, "ts": 1730452793.4706259}]}, "version": 53, "at": 1730452793.4706755}
{"obj": {"type": "LogFloats", "path": ["train", "batch", "loss"], "values": [{"value": 9.61335595445439e+25, "step": null, "ts": 1730452798.7734444}]}, "version": 54, "at": 1730452798.773586}
{"obj": {"type": "LogFloats", "path": ["train", "batch", "loss"], "values": [{"value": 9.748119162099553e+25, "step": null, "ts": 1730452804.061236}]}, "version": 55, "at": 1730452804.0613284}
{"obj": {"type": "LogFloats", "path": ["train", "batch", "loss"], "values": [{"value": 1.0126908611311333e+26, "step": null, "ts": 1730452809.1979918}]}, "version": 56, "at": 1730452809.198039}
{"obj": {"type": "LogFloats", "path": ["train", "batch", "loss"], "values": [{"value": 1.0386891344147786e+26, "step": null, "ts": 1730452814.3189883}]}, "version": 57, "at": 1730452814.3190346}
{"obj": {"type": "LogFloats", "path": ["train", "batch", "loss"], "values": [{"value": 1.0523060871032748e+26, "step": null, "ts": 1730452819.4058332}]}, "version": 58, "at": 1730452819.4058797}
{"obj": {"type": "LogFloats", "path": ["train", "batch", "loss"], "values": [{"value": 1.070941632161427e+26, "step": null, "ts": 1730452824.6750584}]}, "version": 59, "at": 1730452824.675113}
{"obj": {"type": "LogFloats", "path": ["train", "batch", "loss"], "values": [{"value": 1.090043806345898e+26, "step": null, "ts": 1730452829.7909834}]}, "version": 60, "at": 1730452829.7910292}
{"obj": {"type": "LogFloats", "path": ["train", "batch", "loss"], "values": [{"value": 1.1054016906824769e+26, "step": null, "ts": 1730452835.0097167}]}, "version": 61, "at": 1730452835.0097628}
{"obj": {"type": "LogFloats", "path": ["train", "batch", "loss"], "values": [{"value": 1.1318545176808322e+26, "step": null, "ts": 1730452840.2669816}]}, "version": 62, "at": 1730452840.2670476}
{"obj": {"type": "LogFloats", "path": ["train", "batch", "loss"], "values": [{"value": 1.146907860684273e+26, "step": null, "ts": 1730452845.624155}]}, "version": 63, "at": 1730452845.62421}
{"obj": {"type": "LogFloats", "path": ["train", "batch", "loss"], "values": [{"value": 1.180370992303745e+26, "step": null, "ts": 1730452850.8174493}]}, "version": 64, "at": 1730452850.8174922}
{"obj": {"type": "LogFloats", "path": ["train", "batch", "loss"], "values": [{"value": 1.1944178809505243e+26, "step": null, "ts": 1730452856.050337}]}, "version": 65, "at": 1730452856.050383}
{"obj": {"type": "LogFloats", "path": ["train", "batch", "loss"], "values": [{"value": 1.2129750547282489e+26, "step": null, "ts": 1730452861.4929428}]}, "version": 66, "at": 1730452861.4929895}
{"obj": {"type": "LogFloats", "path": ["train", "batch", "loss"], "values": [{"value": 1.2252802580045118e+26, "step": null, "ts": 1730452866.8311143}]}, "version": 67, "at": 1730452866.8311582}
{"obj": {"type": "LogFloats", "path": ["train", "batch", "loss"], "values": [{"value": 1.2410035291066345e+26, "step": null, "ts": 1730452872.0660918}]}, "version": 68, "at": 1730452872.0661364}
{"obj": {"type": "LogFloats", "path": ["train", "batch", "loss"], "values": [{"value": 1.254269937452807e+26, "step": null, "ts": 1730452877.3192804}]}, "version": 69, "at": 1730452877.3193233}
{"obj": {"type": "LogFloats", "path": ["train", "batch", "loss"], "values": [{"value": 1.305013062347934e+26, "step": null, "ts": 1730452882.6524272}]}, "version": 70, "at": 1730452882.6524715}
{"obj": {"type": "LogFloats", "path": ["train", "batch", "loss"], "values": [{"value": 1.3180545097678238e+26, "step": null, "ts": 1730452887.9411788}]}, "version": 71, "at": 1730452887.941288}
{"obj": {"type": "LogFloats", "path": ["train", "batch", "loss"], "values": [{"value": 1.3308755185960327e+26, "step": null, "ts": 1730452893.1691554}]}, "version": 72, "at": 1730452893.1692054}
{"obj": {"type": "LogFloats", "path": ["train", "batch", "loss"], "values": [{"value": 1.3468339799204877e+26, "step": null, "ts": 1730452898.5996757}]}, "version": 73, "at": 1730452898.599724}
{"obj": {"type": "LogFloats", "path": ["train", "batch", "loss"], "values": [{"value": 1.3627073714905734e+26, "step": null, "ts": 1730452903.9537654}]}, "version": 74, "at": 1730452903.9539564}
{"obj": {"type": "LogFloats", "path": ["train", "batch", "loss"], "values": [{"value": 1.3795662601866707e+26, "step": null, "ts": 1730452909.2755291}]}, "version": 75, "at": 1730452909.2755928}
{"obj": {"type": "LogFloats", "path": ["train", "batch", "loss"], "values": [{"value": 1.397138138599647e+26, "step": null, "ts": 1730452914.8680663}]}, "version": 76, "at": 1730452914.8681312}
{"obj": {"type": "LogFloats", "path": ["train", "batch", "loss"], "values": [{"value": 1.411350606950614e+26, "step": null, "ts": 1730452920.4094093}]}, "version": 77, "at": 1730452920.4094567}
{"obj": {"type": "LogFloats", "path": ["train", "batch", "loss"], "values": [{"value": 1.4262241431985002e+26, "step": null, "ts": 1730452925.7974663}]}, "version": 78, "at": 1730452925.7975092}
{"obj": {"type": "LogFloats", "path": ["train", "batch", "loss"], "values": [{"value": 1.4444648976692854e+26, "step": null, "ts": 1730452931.006067}]}, "version": 79, "at": 1730452931.0061536}
{"obj": {"type": "LogFloats", "path": ["train", "batch", "loss"], "values": [{"value": 1.4781826779437837e+26, "step": null, "ts": 1730452936.389491}]}, "version": 80, "at": 1730452936.3895712}
{"obj": {"type": "LogFloats", "path": ["train", "batch", "loss"], "values": [{"value": 1.4953765696003227e+26, "step": null, "ts": 1730452941.8614957}]}, "version": 81, "at": 1730452941.8615701}
{"obj": {"type": "LogFloats", "path": ["train", "batch", "loss"], "values": [{"value": 1.5116381700171359e+26, "step": null, "ts": 1730452947.3025572}]}, "version": 82, "at": 1730452947.3026288}
{"obj": {"type": "LogFloats", "path": ["train", "batch", "loss"], "values": [{"value": 1.5287664013528357e+26, "step": null, "ts": 1730452952.8063822}]}, "version": 83, "at": 1730452952.8064525}
{"obj": {"type": "LogFloats", "path": ["train", "batch", "loss"], "values": [{"value": 1.5479568763541927e+26, "step": null, "ts": 1730452958.3095193}]}, "version": 84, "at": 1730452958.309594}
{"obj": {"type": "LogFloats", "path": ["train", "batch", "loss"], "values": [{"value": 1.5608281280604205e+26, "step": null, "ts": 1730452963.8541737}]}, "version": 85, "at": 1730452963.8542366}
{"obj": {"type": "LogFloats", "path": ["train", "batch", "loss"], "values": [{"value": 1.5732997209682283e+26, "step": null, "ts": 1730452969.4469693}]}, "version": 86, "at": 1730452969.447011}
{"obj": {"type": "LogFloats", "path": ["train", "batch", "loss"], "values": [{"value": 1.588012048525581e+26, "step": null, "ts": 1730452974.7335994}]}, "version": 87, "at": 1730452974.7336411}
{"obj": {"type": "LogFloats", "path": ["train", "batch", "loss"], "values": [{"value": 1.6069283342935603e+26, "step": null, "ts": 1730452980.0453699}]}, "version": 88, "at": 1730452980.0454428}
{"obj": {"type": "LogFloats", "path": ["train", "batch", "loss"], "values": [{"value": 1.629066733025021e+26, "step": null, "ts": 1730452985.3038692}]}, "version": 89, "at": 1730452985.3039408}
{"obj": {"type": "LogFloats", "path": ["train", "batch", "loss"], "values": [{"value": 1.6413706579995657e+26, "step": null, "ts": 1730452990.5700722}]}, "version": 90, "at": 1730452990.5701523}
{"obj": {"type": "LogFloats", "path": ["train", "batch", "loss"], "values": [{"value": 1.658944615994706e+26, "step": null, "ts": 1730452995.887854}]}, "version": 91, "at": 1730452995.8879278}
{"obj": {"type": "LogFloats", "path": ["train", "batch", "loss"], "values": [{"value": 1.6782483785042574e+26, "step": null, "ts": 1730453001.2443452}]}, "version": 92, "at": 1730453001.2443871}
{"obj": {"type": "LogFloats", "path": ["train", "batch", "loss"], "values": [{"value": 1.6969107794277075e+26, "step": null, "ts": 1730453006.5543973}]}, "version": 93, "at": 1730453006.55444}
{"obj": {"type": "LogFloats", "path": ["train", "batch", "loss"], "values": [{"value": 1.7165049153062574e+26, "step": null, "ts": 1730453011.7657168}]}, "version": 94, "at": 1730453011.7657592}
{"obj": {"type": "LogFloats", "path": ["train", "batch", "loss"], "values": [{"value": 1.729229725805274e+26, "step": null, "ts": 1730453017.196825}]}, "version": 95, "at": 1730453017.1969004}
{"obj": {"type": "LogFloats", "path": ["train", "batch", "loss"], "values": [{"value": 1.7538614181710785e+26, "step": null, "ts": 1730453022.7088768}]}, "version": 96, "at": 1730453022.7089512}
{"obj": {"type": "LogFloats", "path": ["train", "batch", "loss"], "values": [{"value": 1.8182637863566426e+26, "step": null, "ts": 1730453028.0926707}]}, "version": 97, "at": 1730453028.0927134}
{"obj": {"type": "LogFloats", "path": ["train", "batch", "loss"], "values": [{"value": 1.8388721933996554e+26, "step": null, "ts": 1730453033.3321881}]}, "version": 98, "at": 1730453033.332261}
{"obj": {"type": "LogFloats", "path": ["train", "batch", "loss"], "values": [{"value": 1.858466029518614e+26, "step": null, "ts": 1730453038.5457802}]}, "version": 99, "at": 1730453038.5458236}
{"obj": {"type": "LogFloats", "path": ["train", "batch", "loss"], "values": [{"value": 1.8704793865686565e+26, "step": null, "ts": 1730453043.727738}]}, "version": 100, "at": 1730453043.7278085}
{"obj": {"type": "LogFloats", "path": ["train", "batch", "loss"], "values": [{"value": 1.885135610083291e+26, "step": null, "ts": 1730453049.1813586}]}, "version": 101, "at": 1730453049.1814313}
{"obj": {"type": "LogFloats", "path": ["train", "batch", "loss"], "values": [{"value": 1.901663865391449e+26, "step": null, "ts": 1730453054.4904974}]}, "version": 102, "at": 1730453054.49057}
{"obj": {"type": "LogFloats", "path": ["train", "batch", "loss"], "values": [{"value": 1.918243971903125e+26, "step": null, "ts": 1730453059.7943034}]}, "version": 103, "at": 1730453059.794347}
{"obj": {"type": "LogFloats", "path": ["train", "batch", "loss"], "values": [{"value": 1.9363151172090637e+26, "step": null, "ts": 1730453065.0669558}]}, "version": 104, "at": 1730453065.0669987}
{"obj": {"type": "LogFloats", "path": ["train", "batch", "loss"], "values": [{"value": 2.0472094716488557e+26, "step": null, "ts": 1730453070.2670076}]}, "version": 105, "at": 1730453070.2670503}
{"obj": {"type": "LogFloats", "path": ["train", "batch", "loss"], "values": [{"value": 2.059523842092232e+26, "step": null, "ts": 1730453075.4201038}]}, "version": 106, "at": 1730453075.4201481}
{"obj": {"type": "LogFloats", "path": ["train", "batch", "loss"], "values": [{"value": 2.0734628821380148e+26, "step": null, "ts": 1730453080.7576385}]}, "version": 107, "at": 1730453080.7576814}
{"obj": {"type": "LogFloats", "path": ["train", "batch", "loss"], "values": [{"value": 2.0896979927421077e+26, "step": null, "ts": 1730453086.0188808}]}, "version": 108, "at": 1730453086.0189235}
{"obj": {"type": "LogFloats", "path": ["train", "batch", "loss"], "values": [{"value": 2.1047685243640303e+26, "step": null, "ts": 1730453091.1685214}]}, "version": 109, "at": 1730453091.168593}
{"obj": {"type": "LogFloats", "path": ["train", "batch", "loss"], "values": [{"value": 2.1246495402594197e+26, "step": null, "ts": 1730453096.4224367}]}, "version": 110, "at": 1730453096.4224856}
{"obj": {"type": "LogFloats", "path": ["train", "batch", "loss"], "values": [{"value": 2.1365991385885295e+26, "step": null, "ts": 1730453101.6812353}]}, "version": 111, "at": 1730453101.6812782}
{"obj": {"type": "LogFloats", "path": ["train", "batch", "loss"], "values": [{"value": 2.1529970100037315e+26, "step": null, "ts": 1730453106.814528}]}, "version": 112, "at": 1730453106.8145702}
{"obj": {"type": "LogFloats", "path": ["train", "batch", "loss"], "values": [{"value": 2.178873719243931e+26, "step": null, "ts": 1730453112.0146418}]}, "version": 113, "at": 1730453112.0146837}
{"obj": {"type": "LogFloats", "path": ["train", "batch", "loss"], "values": [{"value": 2.1989141611249774e+26, "step": null, "ts": 1730453117.2879553}]}, "version": 114, "at": 1730453117.2879987}
{"obj": {"type": "LogFloats", "path": ["train", "batch", "loss"], "values": [{"value": 2.2168040931111258e+26, "step": null, "ts": 1730453122.594846}]}, "version": 115, "at": 1730453122.5949595}
{"obj": {"type": "LogFloats", "path": ["train", "batch", "loss"], "values": [{"value": 2.2606651384325746e+26, "step": null, "ts": 1730453128.0322127}]}, "version": 116, "at": 1730453128.0322642}
{"obj": {"type": "LogFloats", "path": ["train", "batch", "loss"], "values": [{"value": 2.2766434228011495e+26, "step": null, "ts": 1730453133.4857972}]}, "version": 117, "at": 1730453133.4858444}
{"obj": {"type": "LogFloats", "path": ["train", "batch", "loss"], "values": [{"value": 2.2969953336324248e+26, "step": null, "ts": 1730453138.819077}]}, "version": 118, "at": 1730453138.8191602}
{"obj": {"type": "LogFloats", "path": ["train", "batch", "loss"], "values": [{"value": 2.3127804589732697e+26, "step": null, "ts": 1730453144.4139595}]}, "version": 119, "at": 1730453144.4140048}
{"obj": {"type": "LogFloats", "path": ["train", "batch", "loss"], "values": [{"value": 2.336827275700939e+26, "step": null, "ts": 1730453149.8272066}]}, "version": 120, "at": 1730453149.8273783}
{"obj": {"type": "LogFloats", "path": ["train", "batch", "loss"], "values": [{"value": 2.353086061548129e+26, "step": null, "ts": 1730453155.277933}]}, "version": 121, "at": 1730453155.2779841}
{"obj": {"type": "LogFloats", "path": ["train", "batch", "loss"], "values": [{"value": 2.3734371768635663e+26, "step": null, "ts": 1730453160.4710739}]}, "version": 122, "at": 1730453160.4711328}
{"obj": {"type": "LogFloats", "path": ["train", "batch", "loss"], "values": [{"value": 2.3857466762135858e+26, "step": null, "ts": 1730453165.9168134}]}, "version": 123, "at": 1730453165.916862}
{"obj": {"type": "LogFloats", "path": ["train", "batch", "loss"], "values": [{"value": 2.4017334114967894e+26, "step": null, "ts": 1730453171.3353405}]}, "version": 124, "at": 1730453171.335392}
{"obj": {"type": "LogFloats", "path": ["train", "batch", "loss"], "values": [{"value": 2.4194298630783384e+26, "step": null, "ts": 1730453176.599665}]}, "version": 125, "at": 1730453176.599724}
{"obj": {"type": "LogFloats", "path": ["train", "batch", "loss"], "values": [{"value": 2.4350341180935406e+26, "step": null, "ts": 1730453181.9302099}]}, "version": 126, "at": 1730453181.9302957}
{"obj": {"type": "LogFloats", "path": ["train", "batch", "loss"], "values": [{"value": 2.4498386476659203e+26, "step": null, "ts": 1730453187.35152}]}, "version": 127, "at": 1730453187.3515706}
{"obj": {"type": "LogFloats", "path": ["train", "batch", "loss"], "values": [{"value": 2.4695819369995212e+26, "step": null, "ts": 1730453192.7251008}]}, "version": 128, "at": 1730453192.7251751}
{"obj": {"type": "LogFloats", "path": ["train", "batch", "loss"], "values": [{"value": 2.4831698202134307e+26, "step": null, "ts": 1730453198.1653821}]}, "version": 129, "at": 1730453198.165455}
{"obj": {"type": "LogFloats", "path": ["train", "batch", "loss"], "values": [{"value": 2.4988732063019027e+26, "step": null, "ts": 1730453203.6992729}]}, "version": 130, "at": 1730453203.6994925}
{"obj": {"type": "LogFloats", "path": ["train", "batch", "loss"], "values": [{"value": 2.5167336206152294e+26, "step": null, "ts": 1730453208.9558158}]}, "version": 131, "at": 1730453208.9558625}
{"obj": {"type": "LogFloats", "path": ["train", "batch", "loss"], "values": [{"value": 2.536476927242653e+26, "step": null, "ts": 1730453214.2589788}]}, "version": 132, "at": 1730453214.259056}
{"obj": {"type": "LogFloats", "path": ["train", "batch", "loss"], "values": [{"value": 2.562193717623252e+26, "step": null, "ts": 1730453219.661546}]}, "version": 133, "at": 1730453219.6615884}
{"obj": {"type": "LogFloats", "path": ["train", "batch", "loss"], "values": [{"value": 2.5762280740132763e+26, "step": null, "ts": 1730453225.0165222}]}, "version": 134, "at": 1730453225.016636}
{"obj": {"type": "LogFloats", "path": ["train", "batch", "loss"], "values": [{"value": 2.5896945790923326e+26, "step": null, "ts": 1730453230.4022756}]}, "version": 135, "at": 1730453230.4023516}
{"obj": {"type": "LogFloats", "path": ["train", "batch", "loss"], "values": [{"value": 2.6020337359069062e+26, "step": null, "ts": 1730453235.922011}]}, "version": 136, "at": 1730453235.9220762}
{"obj": {"type": "LogFloats", "path": ["train", "batch", "loss"], "values": [{"value": 2.613982937198673e+26, "step": null, "ts": 1730453241.432193}]}, "version": 137, "at": 1730453241.4322681}
{"obj": {"type": "LogFloats", "path": ["train", "batch", "loss"], "values": [{"value": 2.6296860624386545e+26, "step": null, "ts": 1730453247.0458837}]}, "version": 138, "at": 1730453247.0459926}
{"obj": {"type": "LogFloats", "path": ["train", "batch", "loss"], "values": [{"value": 2.6483072248010366e+26, "step": null, "ts": 1730453252.2600002}]}, "version": 139, "at": 1730453252.2601051}
{"obj": {"type": "LogFloats", "path": ["train", "batch", "loss"], "values": [{"value": 2.6636032866042348e+26, "step": null, "ts": 1730453257.9894006}]}, "version": 140, "at": 1730453257.989483}
{"obj": {"type": "LogFloats", "path": ["train", "batch", "loss"], "values": [{"value": 2.680011537195282e+26, "step": null, "ts": 1730453263.7842703}]}, "version": 141, "at": 1730453263.7843807}
{"obj": {"type": "LogFloats", "path": ["train", "batch", "loss"], "values": [{"value": 2.6974721356246336e+26, "step": null, "ts": 1730453269.2630029}]}, "version": 142, "at": 1730453269.26305}
{"obj": {"type": "LogFloats", "path": ["train", "batch", "loss"], "values": [{"value": 2.7101438684998818e+26, "step": null, "ts": 1730453274.6434083}]}, "version": 143, "at": 1730453274.6434548}
{"obj": {"type": "LogFloats", "path": ["train", "batch", "loss"], "values": [{"value": 2.7327463786653257e+26, "step": null, "ts": 1730453279.9285028}]}, "version": 144, "at": 1730453279.9285502}
{"obj": {"type": "LogFloats", "path": ["train", "batch", "loss"], "values": [{"value": 2.7470927530844453e+26, "step": null, "ts": 1730453285.3841963}]}, "version": 145, "at": 1730453285.3842993}
{"obj": {"type": "LogFloats", "path": ["train", "batch", "loss"], "values": [{"value": 2.759860743376113e+26, "step": null, "ts": 1730453290.8094037}]}, "version": 146, "at": 1730453290.8094773}
{"obj": {"type": "LogFloats", "path": ["train", "batch", "loss"], "values": [{"value": 2.7735467315631533e+26, "step": null, "ts": 1730453296.1598046}]}, "version": 147, "at": 1730453296.159897}
{"obj": {"type": "LogFloats", "path": ["train", "batch", "loss"], "values": [{"value": 2.8082463801432275e+26, "step": null, "ts": 1730453301.4122791}]}, "version": 148, "at": 1730453301.4123607}
{"obj": {"type": "LogFloats", "path": ["train", "batch", "loss"], "values": [{"value": 2.8212561006044624e+26, "step": null, "ts": 1730453306.8199058}]}, "version": 149, "at": 1730453306.8199563}
{"obj": {"type": "LogFloats", "path": ["train", "batch", "loss"], "values": [{"value": 2.8648799525024648e+26, "step": null, "ts": 1730453311.9615045}]}, "version": 150, "at": 1730453311.9615865}
{"obj": {"type": "LogFloats", "path": ["train", "batch", "loss"], "values": [{"value": 2.8771843876447752e+26, "step": null, "ts": 1730453317.0771444}]}, "version": 151, "at": 1730453317.0771875}
{"obj": {"type": "LogFloats", "path": ["train", "batch", "loss"], "values": [{"value": 2.891821948242554e+26, "step": null, "ts": 1730453322.3578892}]}, "version": 152, "at": 1730453322.357934}
{"obj": {"type": "LogFloats", "path": ["train", "batch", "loss"], "values": [{"value": 2.9051399858548547e+26, "step": null, "ts": 1730453327.703786}]}, "version": 153, "at": 1730453327.7038605}
{"obj": {"type": "LogFloats", "path": ["train", "batch", "loss"], "values": [{"value": 2.921063138958231e+26, "step": null, "ts": 1730453333.2219586}]}, "version": 154, "at": 1730453333.2220404}
{"obj": {"type": "LogFloats", "path": ["train", "batch", "loss"], "values": [{"value": 3.225390674332554e+26, "step": null, "ts": 1730453338.5875094}]}, "version": 155, "at": 1730453338.5876155}
{"obj": {"type": "LogFloats", "path": ["train", "batch", "loss"], "values": [{"value": 3.2727601894961906e+26, "step": null, "ts": 1730453344.0017715}]}, "version": 156, "at": 1730453344.0018299}
{"obj": {"type": "LogFloats", "path": ["train", "batch", "loss"], "values": [{"value": 3.301265254242695e+26, "step": null, "ts": 1730453349.3197677}]}, "version": 157, "at": 1730453349.319842}
{"obj": {"type": "LogFloats", "path": ["train", "batch", "loss"], "values": [{"value": 3.317188317994655e+26, "step": null, "ts": 1730453354.5096204}]}, "version": 158, "at": 1730453354.5096648}
{"obj": {"type": "LogFloats", "path": ["train", "batch", "loss"], "values": [{"value": 3.334404120924389e+26, "step": null, "ts": 1730453359.8255897}]}, "version": 159, "at": 1730453359.825668}
{"obj": {"type": "LogFloats", "path": ["train", "batch", "loss"], "values": [{"value": 3.349032306829183e+26, "step": null, "ts": 1730453365.9034352}]}, "version": 160, "at": 1730453365.9035206}
{"obj": {"type": "LogFloats", "path": ["train", "batch", "loss"], "values": [{"value": 3.361378159235395e+26, "step": null, "ts": 1730453371.1295373}]}, "version": 161, "at": 1730453371.1295874}
{"obj": {"type": "LogFloats", "path": ["train", "batch", "loss"], "values": [{"value": 3.431125016112322e+26, "step": null, "ts": 1730453376.5525396}]}, "version": 162, "at": 1730453376.552589}
{"obj": {"type": "LogFloats", "path": ["train", "batch", "loss"], "values": [{"value": 3.444472928803111e+26, "step": null, "ts": 1730453381.9529219}]}, "version": 163, "at": 1730453381.952972}
{"obj": {"type": "LogFloats", "path": ["train", "batch", "loss"], "values": [{"value": 3.498296988541176e+26, "step": null, "ts": 1730453387.3047771}]}, "version": 164, "at": 1730453387.3048246}
{"obj": {"type": "LogFloats", "path": ["train", "batch", "loss"], "values": [{"value": 3.513849872256437e+26, "step": null, "ts": 1730453392.62833}]}, "version": 165, "at": 1730453392.628379}
{"obj": {"type": "LogFloats", "path": ["train", "batch", "loss"], "values": [{"value": 3.526154242546913e+26, "step": null, "ts": 1730453398.0608838}]}, "version": 166, "at": 1730453398.0610006}
{"obj": {"type": "LogFloats", "path": ["train", "batch", "loss"], "values": [{"value": 3.560859713380585e+26, "step": null, "ts": 1730453403.1945374}]}, "version": 167, "at": 1730453403.1945848}
{"obj": {"type": "LogFloats", "path": ["train", "batch", "loss"], "values": [{"value": 3.575101024945294e+26, "step": null, "ts": 1730453408.3561914}]}, "version": 168, "at": 1730453408.3562403}
{"obj": {"type": "LogFloats", "path": ["train", "batch", "loss"], "values": [{"value": 3.597497258718589e+26, "step": null, "ts": 1730453413.7457025}]}, "version": 169, "at": 1730453413.7457771}
{"obj": {"type": "LogFloats", "path": ["train", "batch", "loss"], "values": [{"value": 3.6097965936243935e+26, "step": null, "ts": 1730453419.0766232}]}, "version": 170, "at": 1730453419.0766804}
{"obj": {"type": "LogFloats", "path": ["train", "batch", "loss"], "values": [{"value": 3.6258837714290784e+26, "step": null, "ts": 1730453424.3774285}]}, "version": 171, "at": 1730453424.3775098}
{"obj": {"type": "LogFloats", "path": ["train", "batch", "loss"], "values": [{"value": 3.6595373570342e+26, "step": null, "ts": 1730453429.6456678}]}, "version": 172, "at": 1730453429.6457994}
{"obj": {"type": "LogFloats", "path": ["train", "batch", "loss"], "values": [{"value": 3.673912035676258e+26, "step": null, "ts": 1730453435.0027645}]}, "version": 173, "at": 1730453435.002826}
{"obj": {"type": "LogFloats", "path": ["train", "batch", "loss"], "values": [{"value": 3.6898276818194876e+26, "step": null, "ts": 1730453440.266505}]}, "version": 174, "at": 1730453440.2665477}
{"obj": {"type": "LogFloats", "path": ["train", "batch", "loss"], "values": [{"value": 3.709865545479819e+26, "step": null, "ts": 1730453445.4224234}]}, "version": 175, "at": 1730453445.4225013}
{"obj": {"type": "LogFloats", "path": ["train", "batch", "loss"], "values": [{"value": 3.72696865177363e+26, "step": null, "ts": 1730453450.6745765}]}, "version": 176, "at": 1730453450.674622}
{"obj": {"type": "LogFloats", "path": ["train", "batch", "loss"], "values": [{"value": 3.7552382668904635e+26, "step": null, "ts": 1730453455.9798868}]}, "version": 177, "at": 1730453455.979933}
{"obj": {"type": "LogFloats", "path": ["train", "batch", "loss"], "values": [{"value": 3.767259210164006e+26, "step": null, "ts": 1730453461.325004}]}, "version": 178, "at": 1730453461.3250473}
{"obj": {"type": "LogFloats", "path": ["train", "batch", "loss"], "values": [{"value": 3.7863619593680776e+26, "step": null, "ts": 1730453466.5733583}]}, "version": 179, "at": 1730453466.5734754}
{"obj": {"type": "LogFloats", "path": ["train", "batch", "loss"], "values": [{"value": 3.8097234723476494e+26, "step": null, "ts": 1730453471.9475734}]}, "version": 180, "at": 1730453471.9476357}
{"obj": {"type": "LogFloats", "path": ["train", "batch", "loss"], "values": [{"value": 3.830139397704316e+26, "step": null, "ts": 1730453477.3273532}]}, "version": 181, "at": 1730453477.3274305}
{"obj": {"type": "LogFloats", "path": ["train", "batch", "loss"], "values": [{"value": 3.845742919173211e+26, "step": null, "ts": 1730453482.4400663}]}, "version": 182, "at": 1730453482.4401178}
{"obj": {"type": "LogFloats", "path": ["train", "batch", "loss"], "values": [{"value": 3.8614449938134715e+26, "step": null, "ts": 1730453487.8575368}]}, "version": 183, "at": 1730453487.8575788}
{"obj": {"type": "LogFloats", "path": ["train", "batch", "loss"], "values": [{"value": 3.8766674646370306e+26, "step": null, "ts": 1730453493.1127157}]}, "version": 184, "at": 1730453493.1127963}
{"obj": {"type": "LogFloats", "path": ["train", "batch", "loss"], "values": [{"value": 3.8942181004712845e+26, "step": null, "ts": 1730453498.8129554}]}, "version": 185, "at": 1730453498.8130322}
{"obj": {"type": "LogFloats", "path": ["train", "batch", "loss"], "values": [{"value": 3.906910208351823e+26, "step": null, "ts": 1730453504.3424144}]}, "version": 186, "at": 1730453504.3424575}
{"obj": {"type": "LogFloats", "path": ["train", "batch", "loss"], "values": [{"value": 3.926735120204494e+26, "step": null, "ts": 1730453509.4753804}]}, "version": 187, "at": 1730453509.4755037}
{"obj": {"type": "LogFloats", "path": ["train", "batch", "loss"], "values": [{"value": 3.940949405847983e+26, "step": null, "ts": 1730453515.0235534}]}, "version": 188, "at": 1730453515.02362}
{"obj": {"type": "LogFloats", "path": ["train", "batch", "loss"], "values": [{"value": 3.971090786145242e+26, "step": null, "ts": 1730453520.4443312}]}, "version": 189, "at": 1730453520.4443758}
{"obj": {"type": "LogFloats", "path": ["train", "batch", "loss"], "values": [{"value": 3.9934855902958716e+26, "step": null, "ts": 1730453525.7461426}]}, "version": 190, "at": 1730453525.7461894}
{"obj": {"type": "LogFloats", "path": ["train", "batch", "loss"], "values": [{"value": 4.012093138096436e+26, "step": null, "ts": 1730453530.9174356}]}, "version": 191, "at": 1730453530.9174771}
{"obj": {"type": "LogFloats", "path": ["train", "batch", "loss"], "values": [{"value": 4.0267303167889666e+26, "step": null, "ts": 1730453536.1958802}]}, "version": 192, "at": 1730453536.1959286}
{"obj": {"type": "LogFloats", "path": ["train", "batch", "loss"], "values": [{"value": 4.0393726948415555e+26, "step": null, "ts": 1730453541.4690259}]}, "version": 193, "at": 1730453541.4691088}
{"obj": {"type": "LogFloats", "path": ["train", "batch", "loss"], "values": [{"value": 4.053965702228941e+26, "step": null, "ts": 1730453547.271954}]}, "version": 194, "at": 1730453547.2720318}
{"obj": {"type": "LogFloats", "path": ["train", "batch", "loss"], "values": [{"value": 4.072573397026997e+26, "step": null, "ts": 1730453553.0355272}]}, "version": 195, "at": 1730453553.0355768}
{"obj": {"type": "LogFloats", "path": ["train", "batch", "loss"], "values": [{"value": 4.088940609377088e+26, "step": null, "ts": 1730453558.7022116}]}, "version": 196, "at": 1730453558.7022965}
{"obj": {"type": "LogFloats", "path": ["train", "batch", "loss"], "values": [{"value": 4.1015686076162106e+26, "step": null, "ts": 1730453564.0861425}]}, "version": 197, "at": 1730453564.0861917}
{"obj": {"type": "LogFloats", "path": ["train", "batch", "loss"], "values": [{"value": 4.120198769972088e+26, "step": null, "ts": 1730453569.4989312}]}, "version": 198, "at": 1730453569.4989965}
{"obj": {"type": "LogFloats", "path": ["train", "batch", "loss"], "values": [{"value": 4.132933680063485e+26, "step": null, "ts": 1730453574.7794998}]}, "version": 199, "at": 1730453574.7795475}
{"obj": {"type": "LogFloats", "path": ["train", "batch", "loss"], "values": [{"value": 4.148102453567967e+26, "step": null, "ts": 1730453580.3001266}]}, "version": 200, "at": 1730453580.3001757}
{"obj": {"type": "LogFloats", "path": ["train", "batch", "loss"], "values": [{"value": 4.1604213895805016e+26, "step": null, "ts": 1730453585.6916597}]}, "version": 201, "at": 1730453585.6918015}
{"obj": {"type": "LogFloats", "path": ["train", "batch", "loss"], "values": [{"value": 4.172956826957779e+26, "step": null, "ts": 1730453591.155744}]}, "version": 202, "at": 1730453591.1557963}
{"obj": {"type": "LogFloats", "path": ["train", "batch", "loss"], "values": [{"value": 4.1891727370953644e+26, "step": null, "ts": 1730453596.4276733}]}, "version": 203, "at": 1730453596.4277196}
{"obj": {"type": "LogFloats", "path": ["train", "batch", "loss"], "values": [{"value": 4.205622693180689e+26, "step": null, "ts": 1730453601.6869576}]}, "version": 204, "at": 1730453601.6870356}
{"obj": {"type": "LogFloats", "path": ["train", "batch", "loss"], "values": [{"value": 4.241476390246141e+26, "step": null, "ts": 1730453607.0769043}]}, "version": 205, "at": 1730453607.0769525}
{"obj": {"type": "LogFloats", "path": ["train", "batch", "loss"], "values": [{"value": 4.2521374395465696e+26, "step": null, "ts": 1730453612.4463403}]}, "version": 206, "at": 1730453612.4463859}
{"obj": {"type": "LogFloats", "path": ["train", "batch", "loss"], "values": [{"value": 4.2730332987437185e+26, "step": null, "ts": 1730453617.8947759}]}, "version": 207, "at": 1730453617.8948545}
{"obj": {"type": "LogFloats", "path": ["train", "batch", "loss"], "values": [{"value": 4.296379113255853e+26, "step": null, "ts": 1730453623.2806017}]}, "version": 208, "at": 1730453623.2807336}
{"obj": {"type": "LogFloats", "path": ["train", "batch", "loss"], "values": [{"value": 4.3091448121160305e+26, "step": null, "ts": 1730453628.47344}]}, "version": 209, "at": 1730453628.4734852}
{"obj": {"type": "LogFloats", "path": ["train", "batch", "loss"], "values": [{"value": 4.323828786451281e+26, "step": null, "ts": 1730453633.7157764}]}, "version": 210, "at": 1730453633.7158222}
{"obj": {"type": "LogFloats", "path": ["train", "batch", "loss"], "values": [{"value": 4.336243089248373e+26, "step": null, "ts": 1730453639.0069387}]}, "version": 211, "at": 1730453639.0070245}
{"obj": {"type": "LogFloats", "path": ["train", "batch", "loss"], "values": [{"value": 4.384583713077644e+26, "step": null, "ts": 1730453644.4297965}]}, "version": 212, "at": 1730453644.4298408}
{"obj": {"type": "LogFloats", "path": ["train", "batch", "loss"], "values": [{"value": 4.40577530096418e+26, "step": null, "ts": 1730453649.7334838}]}, "version": 213, "at": 1730453649.7335293}
{"obj": {"type": "LogFloats", "path": ["train", "batch", "loss"], "values": [{"value": 4.417794473062061e+26, "step": null, "ts": 1730453654.9628022}]}, "version": 214, "at": 1730453654.962884}
{"obj": {"type": "LogFloats", "path": ["train", "batch", "loss"], "values": [{"value": 4.432593602638344e+26, "step": null, "ts": 1730453660.5827806}]}, "version": 215, "at": 1730453660.582842}
{"obj": {"type": "LogFloats", "path": ["train", "batch", "loss"], "values": [{"value": 4.4502262313677015e+26, "step": null, "ts": 1730453665.8527298}]}, "version": 216, "at": 1730453665.8527792}
{"obj": {"type": "LogFloats", "path": ["train", "batch", "loss"], "values": [{"value": 4.467767276336189e+26, "step": null, "ts": 1730453671.086056}]}, "version": 217, "at": 1730453671.0861201}
{"obj": {"type": "LogFloats", "path": ["train", "batch", "loss"], "values": [{"value": 4.510907653483538e+26, "step": null, "ts": 1730453676.7212098}]}, "version": 218, "at": 1730453676.721261}
{"obj": {"type": "LogFloats", "path": ["train", "batch", "loss"], "values": [{"value": 4.525174157824274e+26, "step": null, "ts": 1730453681.9734895}]}, "version": 219, "at": 1730453681.9735405}
{"obj": {"type": "LogFloats", "path": ["train", "batch", "loss"], "values": [{"value": 4.5411540072837916e+26, "step": null, "ts": 1730453687.3441224}]}, "version": 220, "at": 1730453687.3441849}
{"obj": {"type": "LogFloats", "path": ["train", "batch", "loss"], "values": [{"value": 4.5577292412609586e+26, "step": null, "ts": 1730453692.5953112}]}, "version": 221, "at": 1730453692.5953948}
{"obj": {"type": "LogFloats", "path": ["train", "batch", "loss"], "values": [{"value": 4.577996586741023e+26, "step": null, "ts": 1730453698.0625563}]}, "version": 222, "at": 1730453698.0626404}
{"obj": {"type": "LogFloats", "path": ["train", "batch", "loss"], "values": [{"value": 4.5998709088018534e+26, "step": null, "ts": 1730453703.4500453}]}, "version": 223, "at": 1730453703.4501092}
{"obj": {"type": "LogFloats", "path": ["train", "batch", "loss"], "values": [{"value": 4.6129961808208875e+26, "step": null, "ts": 1730453708.637281}]}, "version": 224, "at": 1730453708.6373665}
{"obj": {"type": "LogFloats", "path": ["train", "batch", "loss"], "values": [{"value": 4.6291423737950895e+26, "step": null, "ts": 1730453713.8471549}]}, "version": 225, "at": 1730453713.8472066}
{"obj": {"type": "LogFloats", "path": ["train", "batch", "loss"], "values": [{"value": 4.646632645541666e+26, "step": null, "ts": 1730453719.1489913}]}, "version": 226, "at": 1730453719.1490417}
{"obj": {"type": "LogFloats", "path": ["train", "batch", "loss"], "values": [{"value": 4.659994139647779e+26, "step": null, "ts": 1730453724.5646675}]}, "version": 227, "at": 1730453724.5647316}
{"obj": {"type": "LogFloats", "path": ["train", "batch", "loss"], "values": [{"value": 4.675161691055466e+26, "step": null, "ts": 1730453729.9578004}]}, "version": 228, "at": 1730453729.9578507}
{"obj": {"type": "LogFloats", "path": ["train", "batch", "loss"], "values": [{"value": 4.691360517778657e+26, "step": null, "ts": 1730453735.2237916}]}, "version": 229, "at": 1730453735.2238662}
{"obj": {"type": "LogFloats", "path": ["train", "batch", "loss"], "values": [{"value": 4.7053379486693913e+26, "step": null, "ts": 1730453740.4818873}]}, "version": 230, "at": 1730453740.4819355}
{"obj": {"type": "LogFloats", "path": ["train", "batch", "loss"], "values": [{"value": 4.720929192965414e+26, "step": null, "ts": 1730453746.010312}]}, "version": 231, "at": 1730453746.0103934}
{"obj": {"type": "LogFloats", "path": ["train", "batch", "loss"], "values": [{"value": 4.7335973676366685e+26, "step": null, "ts": 1730453751.5152917}]}, "version": 232, "at": 1730453751.515338}
{"obj": {"type": "LogFloats", "path": ["train", "batch", "loss"], "values": [{"value": 4.7506819911576084e+26, "step": null, "ts": 1730453756.7235417}]}, "version": 233, "at": 1730453756.7235868}
{"obj": {"type": "LogFloats", "path": ["train", "batch", "loss"], "values": [{"value": 4.766622959780535e+26, "step": null, "ts": 1730453761.966995}]}, "version": 234, "at": 1730453761.9670413}
{"obj": {"type": "LogFloats", "path": ["train", "batch", "loss"], "values": [{"value": 4.779748178476949e+26, "step": null, "ts": 1730453767.2765584}]}, "version": 235, "at": 1730453767.2766473}
{"obj": {"type": "LogFloats", "path": ["train", "batch", "loss"], "values": [{"value": 4.796120676972139e+26, "step": null, "ts": 1730453772.5608766}]}, "version": 236, "at": 1730453772.5609212}
{"obj": {"type": "LogFloats", "path": ["train", "batch", "loss"], "values": [{"value": 4.8106056873198836e+26, "step": null, "ts": 1730453777.9747715}]}, "version": 237, "at": 1730453777.9748166}
{"obj": {"type": "LogFloats", "path": ["train", "batch", "loss"], "values": [{"value": 4.834458138775699e+26, "step": null, "ts": 1730453783.249749}]}, "version": 238, "at": 1730453783.2498324}
{"obj": {"type": "LogFloats", "path": ["train", "batch", "loss"], "values": [{"value": 4.848612808289336e+26, "step": null, "ts": 1730453788.641501}]}, "version": 239, "at": 1730453788.6415782}
{"obj": {"type": "LogFloats", "path": ["train", "batch", "loss"], "values": [{"value": 4.8628599132846056e+26, "step": null, "ts": 1730453794.2794838}]}, "version": 240, "at": 1730453794.2795293}
{"obj": {"type": "LogFloats", "path": ["train", "batch", "loss"], "values": [{"value": 4.87554713710142e+26, "step": null, "ts": 1730453799.5812335}]}, "version": 241, "at": 1730453799.5812807}
{"obj": {"type": "LogFloats", "path": ["train", "batch", "loss"], "values": [{"value": 4.887575595982021e+26, "step": null, "ts": 1730453804.878958}]}, "version": 242, "at": 1730453804.8790054}
{"obj": {"type": "LogFloats", "path": ["train", "batch", "loss"], "values": [{"value": 4.91585283191e+26, "step": null, "ts": 1730453810.1761727}]}, "version": 243, "at": 1730453810.1762478}
{"obj": {"type": "LogFloats", "path": ["train", "batch", "loss"], "values": [{"value": 4.9361200880386475e+26, "step": null, "ts": 1730453815.637894}]}, "version": 244, "at": 1730453815.6379693}
{"obj": {"type": "LogFloats", "path": ["train", "batch", "loss"], "values": [{"value": 4.9480997170906486e+26, "step": null, "ts": 1730453820.979248}]}, "version": 245, "at": 1730453820.9793127}
{"obj": {"type": "LogFloats", "path": ["train", "batch", "loss"], "values": [{"value": 4.9667165660854516e+26, "step": null, "ts": 1730453826.3679347}]}, "version": 246, "at": 1730453826.3679767}
{"obj": {"type": "LogFloats", "path": ["train", "batch", "loss"], "values": [{"value": 4.986154391748711e+26, "step": null, "ts": 1730453831.6400213}]}, "version": 247, "at": 1730453831.6401181}
{"obj": {"type": "LogFloats", "path": ["train", "batch", "loss"], "values": [{"value": 5.005499010914082e+26, "step": null, "ts": 1730453836.9503462}]}, "version": 248, "at": 1730453836.9503942}
{"obj": {"type": "LogFloats", "path": ["train", "batch", "loss"], "values": [{"value": 5.018002154960015e+26, "step": null, "ts": 1730453842.1404173}]}, "version": 249, "at": 1730453842.1404681}
{"obj": {"type": "LogFloats", "path": ["train", "batch", "loss"], "values": [{"value": 5.0323683135121536e+26, "step": null, "ts": 1730453847.6366444}]}, "version": 250, "at": 1730453847.636727}
{"obj": {"type": "LogFloats", "path": ["train", "batch", "loss"], "values": [{"value": 5.045491360392684e+26, "step": null, "ts": 1730453853.2169595}]}, "version": 251, "at": 1730453853.2170324}
{"obj": {"type": "LogFloats", "path": ["train", "batch", "loss"], "values": [{"value": 5.064288400930594e+26, "step": null, "ts": 1730453858.71138}]}, "version": 252, "at": 1730453858.711452}
{"obj": {"type": "LogFloats", "path": ["train", "batch", "loss"], "values": [{"value": 5.081118805259768e+26, "step": null, "ts": 1730453864.160322}]}, "version": 253, "at": 1730453864.1603944}
{"obj": {"type": "LogFloats", "path": ["train", "batch", "loss"], "values": [{"value": 5.153865246838268e+26, "step": null, "ts": 1730453869.5309365}]}, "version": 254, "at": 1730453869.5310087}
{"obj": {"type": "LogFloats", "path": ["train", "batch", "loss"], "values": [{"value": 5.173306228624146e+26, "step": null, "ts": 1730453874.8852856}]}, "version": 255, "at": 1730453874.885358}
{"obj": {"type": "LogFloats", "path": ["train", "batch", "loss"], "values": [{"value": 5.186447191904858e+26, "step": null, "ts": 1730453880.1951525}]}, "version": 256, "at": 1730453880.1952245}
{"obj": {"type": "LogFloats", "path": ["train", "batch", "loss"], "values": [{"value": 5.206628958903939e+26, "step": null, "ts": 1730453885.5507698}]}, "version": 257, "at": 1730453885.5508127}
{"obj": {"type": "LogFloats", "path": ["train", "batch", "loss"], "values": [{"value": 5.222991170457004e+26, "step": null, "ts": 1730453891.0479088}]}, "version": 258, "at": 1730453891.0479805}
{"obj": {"type": "LogFloats", "path": ["train", "batch", "loss"], "values": [{"value": 5.247595189824394e+26, "step": null, "ts": 1730453896.8811066}]}, "version": 259, "at": 1730453896.881189}
{"obj": {"type": "LogFloats", "path": ["train", "batch", "loss"], "values": [{"value": 5.263185563664681e+26, "step": null, "ts": 1730453902.303755}]}, "version": 260, "at": 1730453902.3037958}
{"obj": {"type": "LogFloats", "path": ["train", "batch", "loss"], "values": [{"value": 5.27813457880117e+26, "step": null, "ts": 1730453907.7044702}]}, "version": 261, "at": 1730453907.7045105}
{"obj": {"type": "LogFloats", "path": ["train", "batch", "loss"], "values": [{"value": 5.296732519883297e+26, "step": null, "ts": 1730453913.0637288}]}, "version": 262, "at": 1730453913.0637693}
{"obj": {"type": "LogFloats", "path": ["train", "batch", "loss"], "values": [{"value": 5.316417396448867e+26, "step": null, "ts": 1730453918.3905313}]}, "version": 263, "at": 1730453918.3906004}
{"obj": {"type": "LogFloats", "path": ["train", "batch", "loss"], "values": [{"value": 5.3298667503793906e+26, "step": null, "ts": 1730453923.590098}]}, "version": 264, "at": 1730453923.5901415}
{"obj": {"type": "LogFloats", "path": ["train", "batch", "loss"], "values": [{"value": 5.3452316199791356e+26, "step": null, "ts": 1730453928.726233}]}, "version": 265, "at": 1730453928.7262764}
{"obj": {"type": "LogFloats", "path": ["train", "batch", "loss"], "values": [{"value": 5.357866524218071e+26, "step": null, "ts": 1730453933.9996872}]}, "version": 266, "at": 1730453933.9997284}
{"obj": {"type": "LogFloats", "path": ["train", "batch", "loss"], "values": [{"value": 5.3800243828233775e+26, "step": null, "ts": 1730453939.2538798}]}, "version": 267, "at": 1730453939.2539487}
{"obj": {"type": "LogFloats", "path": ["train", "batch", "loss"], "values": [{"value": 5.402091415713703e+26, "step": null, "ts": 1730453944.582234}]}, "version": 268, "at": 1730453944.5822747}
{"obj": {"type": "LogFloats", "path": ["train", "batch", "loss"], "values": [{"value": 5.416723014266151e+26, "step": null, "ts": 1730453949.6931908}]}, "version": 269, "at": 1730453949.6932406}
{"obj": {"type": "LogFloats", "path": ["train", "batch", "loss"], "values": [{"value": 5.435990975680681e+26, "step": null, "ts": 1730453954.9079225}]}, "version": 270, "at": 1730453954.9079986}
{"obj": {"type": "LogFloats", "path": ["train", "batch", "loss"], "values": [{"value": 5.4493300670808074e+26, "step": null, "ts": 1730453960.4184172}]}, "version": 271, "at": 1730453960.4185185}
{"obj": {"type": "LogFloats", "path": ["train", "batch", "loss"], "values": [{"value": 5.4839928308196455e+26, "step": null, "ts": 1730453965.7469754}]}, "version": 272, "at": 1730453965.7470565}
{"obj": {"type": "LogFloats", "path": ["train", "batch", "loss"], "values": [{"value": 5.503419385234045e+26, "step": null, "ts": 1730453970.9722672}]}, "version": 273, "at": 1730453970.97234}
{"obj": {"type": "LogFloats", "path": ["train", "batch", "loss"], "values": [{"value": 5.529748650752448e+26, "step": null, "ts": 1730453976.4342353}]}, "version": 274, "at": 1730453976.434305}
{"obj": {"type": "LogFloats", "path": ["train", "batch", "loss"], "values": [{"value": 5.5463034765778316e+26, "step": null, "ts": 1730453981.9183984}]}, "version": 275, "at": 1730453981.918472}
{"obj": {"type": "LogFloats", "path": ["train", "batch", "loss"], "values": [{"value": 5.5589299500782645e+26, "step": null, "ts": 1730453987.3905964}]}, "version": 276, "at": 1730453987.390702}
{"obj": {"type": "LogFloats", "path": ["train", "batch", "loss"], "values": [{"value": 5.602864889021247e+26, "step": null, "ts": 1730453992.9150078}]}, "version": 277, "at": 1730453992.9150782}
{"obj": {"type": "LogFloats", "path": ["train", "batch", "loss"], "values": [{"value": 5.6171286018507904e+26, "step": null, "ts": 1730453998.4636765}]}, "version": 278, "at": 1730453998.4637609}
{"obj": {"type": "LogFloats", "path": ["train", "batch", "loss"], "values": [{"value": 5.67089428340847e+26, "step": null, "ts": 1730454003.9398162}]}, "version": 279, "at": 1730454003.9398956}
{"obj": {"type": "LogFloats", "path": ["train", "batch", "loss"], "values": [{"value": 5.685379241874747e+26, "step": null, "ts": 1730454009.2980914}]}, "version": 280, "at": 1730454009.2981656}
{"obj": {"type": "LogFloats", "path": ["train", "batch", "loss"], "values": [{"value": 5.70037575305377e+26, "step": null, "ts": 1730454014.6791563}]}, "version": 281, "at": 1730454014.6792302}
{"obj": {"type": "LogFloats", "path": ["train", "batch", "loss"], "values": [{"value": 5.716293852037501e+26, "step": null, "ts": 1730454020.0571856}]}, "version": 282, "at": 1730454020.0572982}
{"obj": {"type": "LogFloats", "path": ["train", "batch", "loss"], "values": [{"value": 5.735902464286693e+26, "step": null, "ts": 1730454025.4471042}]}, "version": 283, "at": 1730454025.4471793}
{"obj": {"type": "LogFloats", "path": ["train", "batch", "loss"], "values": [{"value": 5.7508342605405106e+26, "step": null, "ts": 1730454030.6881316}]}, "version": 284, "at": 1730454030.6881826}
{"obj": {"type": "LogFloats", "path": ["train", "batch", "loss"], "values": [{"value": 5.770260721280038e+26, "step": null, "ts": 1730454036.0634408}]}, "version": 285, "at": 1730454036.0635269}
{"obj": {"type": "LogFloats", "path": ["train", "batch", "loss"], "values": [{"value": 5.7838044187772835e+26, "step": null, "ts": 1730454041.321677}]}, "version": 286, "at": 1730454041.3217638}
{"obj": {"type": "LogFloats", "path": ["train", "batch", "loss"], "values": [{"value": 5.801600982856533e+26, "step": null, "ts": 1730454046.9954925}]}, "version": 287, "at": 1730454046.9955583}
{"obj": {"type": "LogFloats", "path": ["train", "batch", "loss"], "values": [{"value": 5.825994057940833e+26, "step": null, "ts": 1730454052.5761495}]}, "version": 288, "at": 1730454052.5762231}
{"obj": {"type": "LogFloats", "path": ["train", "batch", "loss"], "values": [{"value": 5.840468409529268e+26, "step": null, "ts": 1730454058.2049546}]}, "version": 289, "at": 1730454058.2050889}
{"obj": {"type": "LogFloats", "path": ["train", "batch", "loss"], "values": [{"value": 5.868719341553119e+26, "step": null, "ts": 1730454063.5566034}]}, "version": 290, "at": 1730454063.556652}
{"obj": {"type": "LogFloats", "path": ["train", "batch", "loss"], "values": [{"value": 5.888327779422934e+26, "step": null, "ts": 1730454068.8616545}]}, "version": 291, "at": 1730454068.8616998}
{"obj": {"type": "LogFloats", "path": ["train", "batch", "loss"], "values": [{"value": 5.9070163257238046e+26, "step": null, "ts": 1730454074.3190296}]}, "version": 292, "at": 1730454074.3190777}
{"obj": {"type": "LogFloats", "path": ["train", "batch", "loss"], "values": [{"value": 5.923975482562006e+26, "step": null, "ts": 1730454079.619919}]}, "version": 293, "at": 1730454079.6199987}
{"obj": {"type": "LogFloats", "path": ["train", "batch", "loss"], "values": [{"value": 5.981211319497971e+26, "step": null, "ts": 1730454084.8976989}]}, "version": 294, "at": 1730454084.897747}
{"obj": {"type": "LogFloats", "path": ["train", "batch", "loss"], "values": [{"value": 5.996674762445208e+26, "step": null, "ts": 1730454090.3071651}]}, "version": 295, "at": 1730454090.3072484}
{"obj": {"type": "LogFloats", "path": ["train", "batch", "loss"], "values": [{"value": 6.0315363013806556e+26, "step": null, "ts": 1730454095.692468}]}, "version": 296, "at": 1730454095.6925147}
{"obj": {"type": "LogFloats", "path": ["train", "batch", "loss"], "values": [{"value": 6.058033951084806e+26, "step": null, "ts": 1730454101.2943943}]}, "version": 297, "at": 1730454101.2944427}
{"obj": {"type": "LogFloats", "path": ["train", "batch", "loss"], "values": [{"value": 6.0874003865458325e+26, "step": null, "ts": 1730454106.5656862}]}, "version": 298, "at": 1730454106.5657387}
{"obj": {"type": "LogFloats", "path": ["train", "batch", "loss"], "values": [{"value": 6.109274113410936e+26, "step": null, "ts": 1730454111.667491}]}, "version": 299, "at": 1730454111.6675382}
{"obj": {"type": "LogFloats", "path": ["train", "batch", "loss"], "values": [{"value": 6.121531469003606e+26, "step": null, "ts": 1730454117.2080543}]}, "version": 300, "at": 1730454117.2081108}
{"obj": {"type": "LogFloats", "path": ["train", "batch", "loss"], "values": [{"value": 6.161207103739133e+26, "step": null, "ts": 1730454122.6479373}]}, "version": 301, "at": 1730454122.648021}
{"obj": {"type": "LogFloats", "path": ["train", "batch", "loss"], "values": [{"value": 6.171867698356144e+26, "step": null, "ts": 1730454127.8540092}]}, "version": 302, "at": 1730454127.854057}
{"obj": {"type": "LogFloats", "path": ["train", "batch", "loss"], "values": [{"value": 6.228664773719709e+26, "step": null, "ts": 1730454133.1116881}]}, "version": 303, "at": 1730454133.1117365}
{"obj": {"type": "LogFloats", "path": ["train", "batch", "loss"], "values": [{"value": 6.258769764931979e+26, "step": null, "ts": 1730454138.445552}]}, "version": 304, "at": 1730454138.445598}
{"obj": {"type": "LogFloats", "path": ["train", "batch", "loss"], "values": [{"value": 6.278951298464455e+26, "step": null, "ts": 1730454143.7835205}]}, "version": 305, "at": 1730454143.783602}
{"obj": {"type": "LogFloats", "path": ["train", "batch", "loss"], "values": [{"value": 6.291619441430368e+26, "step": null, "ts": 1730454149.20395}]}, "version": 306, "at": 1730454149.2040305}
{"obj": {"type": "LogFloats", "path": ["train", "batch", "loss"], "values": [{"value": 6.306943509138065e+26, "step": null, "ts": 1730454154.7405055}]}, "version": 307, "at": 1730454154.7405856}
{"obj": {"type": "LogFloats", "path": ["train", "batch", "loss"], "values": [{"value": 6.332806028796847e+26, "step": null, "ts": 1730454160.184607}]}, "version": 308, "at": 1730454160.1846552}
{"obj": {"type": "LogFloats", "path": ["train", "batch", "loss"], "values": [{"value": 6.349168174056925e+26, "step": null, "ts": 1730454165.4872928}]}, "version": 309, "at": 1730454165.4873416}
{"obj": {"type": "LogFloats", "path": ["train", "batch", "loss"], "values": [{"value": 6.3682642593747e+26, "step": null, "ts": 1730454170.9923193}]}, "version": 310, "at": 1730454170.9923687}
{"obj": {"type": "LogFloats", "path": ["train", "batch", "loss"], "values": [{"value": 6.385479356140012e+26, "step": null, "ts": 1730454176.3831782}]}, "version": 311, "at": 1730454176.3832273}
{"obj": {"type": "LogFloats", "path": ["train", "batch", "loss"], "values": [{"value": 6.408687753938013e+26, "step": null, "ts": 1730454181.9611247}]}, "version": 312, "at": 1730454181.961174}
{"obj": {"type": "LogFloats", "path": ["train", "batch", "loss"], "values": [{"value": 6.425049903521546e+26, "step": null, "ts": 1730454187.3655663}]}, "version": 313, "at": 1730454187.3656123}
{"obj": {"type": "LogFloats", "path": ["train", "batch", "loss"], "values": [{"value": 6.459712312737022e+26, "step": null, "ts": 1730454192.5307522}]}, "version": 314, "at": 1730454192.530834}
{"obj": {"type": "LogFloats", "path": ["train", "batch", "loss"], "values": [{"value": 6.47374417449314e+26, "step": null, "ts": 1730454197.8181536}]}, "version": 315, "at": 1730454197.8182256}
{"obj": {"type": "LogFloats", "path": ["train", "batch", "loss"], "values": [{"value": 6.494318881640573e+26, "step": null, "ts": 1730454203.2193475}]}, "version": 316, "at": 1730454203.2193956}
{"obj": {"type": "LogFloats", "path": ["train", "batch", "loss"], "values": [{"value": 6.510464867088904e+26, "step": null, "ts": 1730454208.5693862}]}, "version": 317, "at": 1730454208.569434}
{"obj": {"type": "LogFloats", "path": ["train", "batch", "loss"], "values": [{"value": 6.536327369453863e+26, "step": null, "ts": 1730454213.8292792}]}, "version": 318, "at": 1730454213.8293562}
{"obj": {"type": "LogFloats", "path": ["train", "batch", "loss"], "values": [{"value": 6.552503646473576e+26, "step": null, "ts": 1730454219.1332037}]}, "version": 319, "at": 1730454219.1332576}
{"obj": {"type": "LogFloats", "path": ["train", "batch", "loss"], "values": [{"value": 6.574862936318408e+26, "step": null, "ts": 1730454224.5724106}]}, "version": 320, "at": 1730454224.5724921}
{"obj": {"type": "LogFloats", "path": ["train", "batch", "loss"], "values": [{"value": 6.592582702855084e+26, "step": null, "ts": 1730454230.1554265}]}, "version": 321, "at": 1730454230.155488}
{"obj": {"type": "LogFloats", "path": ["train", "batch", "loss"], "values": [{"value": 6.61276316272941e+26, "step": null, "ts": 1730454235.4926443}]}, "version": 322, "at": 1730454235.4927058}
{"obj": {"type": "LogFloats", "path": ["train", "batch", "loss"], "values": [{"value": 6.632447918238222e+26, "step": null, "ts": 1730454240.748761}]}, "version": 323, "at": 1730454240.7488077}
{"obj": {"type": "LogFloats", "path": ["train", "batch", "loss"], "values": [{"value": 6.660931988284127e+26, "step": null, "ts": 1730454246.1402876}]}, "version": 324, "at": 1730454246.140336}
{"obj": {"type": "LogFloats", "path": ["train", "batch", "loss"], "values": [{"value": 6.674395742204243e+26, "step": null, "ts": 1730454251.334214}]}, "version": 325, "at": 1730454251.33426}
{"obj": {"type": "LogFloats", "path": ["train", "batch", "loss"], "values": [{"value": 6.691942963949691e+26, "step": null, "ts": 1730454256.5576425}]}, "version": 326, "at": 1730454256.5577095}
{"obj": {"type": "LogFloats", "path": ["train", "batch", "loss"], "values": [{"value": 6.707917344237821e+26, "step": null, "ts": 1730454261.8893304}]}, "version": 327, "at": 1730454261.8893752}
{"obj": {"type": "LogFloats", "path": ["train", "batch", "loss"], "values": [{"value": 6.727742782110929e+26, "step": null, "ts": 1730454267.1619377}]}, "version": 328, "at": 1730454267.1619904}
{"obj": {"type": "LogFloats", "path": ["train", "batch", "loss"], "values": [{"value": 6.744102441384013e+26, "step": null, "ts": 1730454272.3332276}]}, "version": 329, "at": 1730454272.333273}
{"obj": {"type": "LogFloats", "path": ["train", "batch", "loss"], "values": [{"value": 6.754763031677568e+26, "step": null, "ts": 1730454277.5836914}]}, "version": 330, "at": 1730454277.5837958}
{"obj": {"type": "LogFloats", "path": ["train", "batch", "loss"], "values": [{"value": 6.768212294815523e+26, "step": null, "ts": 1730454283.0295208}]}, "version": 331, "at": 1730454283.0296001}
{"obj": {"type": "LogFloats", "path": ["train", "batch", "loss"], "values": [{"value": 6.785893560979704e+26, "step": null, "ts": 1730454288.3825338}]}, "version": 332, "at": 1730454288.382616}
{"obj": {"type": "LogFloats", "path": ["train", "batch", "loss"], "values": [{"value": 6.798200721340221e+26, "step": null, "ts": 1730454294.0261621}]}, "version": 333, "at": 1730454294.0262413}
{"obj": {"type": "LogFloats", "path": ["train", "batch", "loss"], "values": [{"value": 6.812636905462246e+26, "step": null, "ts": 1730454299.4523852}]}, "version": 334, "at": 1730454299.4525118}
{"obj": {"type": "LogFloats", "path": ["train", "batch", "loss"], "values": [{"value": 6.831962249221212e+26, "step": null, "ts": 1730454304.7322817}]}, "version": 335, "at": 1730454304.7323308}
{"obj": {"type": "LogFloats", "path": ["train", "batch", "loss"], "values": [{"value": 6.847343931298798e+26, "step": null, "ts": 1730454310.1774035}]}, "version": 336, "at": 1730454310.177454}
{"obj": {"type": "LogFloats", "path": ["train", "batch", "loss"], "values": [{"value": 6.860793152643348e+26, "step": null, "ts": 1730454315.689637}]}, "version": 337, "at": 1730454315.689685}
{"obj": {"type": "LogFloats", "path": ["train", "batch", "loss"], "values": [{"value": 6.895795149123398e+26, "step": null, "ts": 1730454321.018524}]}, "version": 338, "at": 1730454321.0185719}
{"obj": {"type": "LogFloats", "path": ["train", "batch", "loss"], "values": [{"value": 6.914021300402175e+26, "step": null, "ts": 1730454326.5022688}]}, "version": 339, "at": 1730454326.50235}
{"obj": {"type": "LogFloats", "path": ["train", "batch", "loss"], "values": [{"value": 6.93313346897494e+26, "step": null, "ts": 1730454332.1857922}]}, "version": 340, "at": 1730454332.1859753}
{"obj": {"type": "LogFloats", "path": ["train", "batch", "loss"], "values": [{"value": 6.961479764901044e+26, "step": null, "ts": 1730454337.7781508}]}, "version": 341, "at": 1730454337.7782226}
{"obj": {"type": "LogFloats", "path": ["train", "batch", "loss"], "values": [{"value": 6.974078572608822e+26, "step": null, "ts": 1730454343.2450178}]}, "version": 342, "at": 1730454343.245097}
{"obj": {"type": "LogFloats", "path": ["train", "batch", "loss"], "values": [{"value": 7.04370617704992e+26, "step": null, "ts": 1730454348.466144}]}, "version": 343, "at": 1730454348.4662285}
{"obj": {"type": "LogFloats", "path": ["train", "batch", "loss"], "values": [{"value": 7.061409925183442e+26, "step": null, "ts": 1730454354.0386136}]}, "version": 344, "at": 1730454354.0386562}
{"obj": {"type": "LogFloats", "path": ["train", "batch", "loss"], "values": [{"value": 7.078063060625523e+26, "step": null, "ts": 1730454359.5919576}]}, "version": 345, "at": 1730454359.592}
{"obj": {"type": "LogFloats", "path": ["train", "batch", "loss"], "values": [{"value": 7.09102605606048e+26, "step": null, "ts": 1730454365.1317844}]}, "version": 346, "at": 1730454365.1318483}
{"obj": {"type": "LogFloats", "path": ["train", "batch", "loss"], "values": [{"value": 7.105583020239328e+26, "step": null, "ts": 1730454370.4639122}]}, "version": 347, "at": 1730454370.4639835}
{"obj": {"type": "LogFloats", "path": ["train", "batch", "loss"], "values": [{"value": 7.127580654460835e+26, "step": null, "ts": 1730454375.910014}]}, "version": 348, "at": 1730454375.9101138}
{"obj": {"type": "LogFloats", "path": ["train", "batch", "loss"], "values": [{"value": 7.146262568580751e+26, "step": null, "ts": 1730454381.4631488}]}, "version": 349, "at": 1730454381.4632}
{"obj": {"type": "LogFloats", "path": ["train", "batch", "loss"], "values": [{"value": 7.189402686320761e+26, "step": null, "ts": 1730454386.841057}]}, "version": 350, "at": 1730454386.8411481}
{"obj": {"type": "LogFloats", "path": ["train", "batch", "loss"], "values": [{"value": 7.205449376404508e+26, "step": null, "ts": 1730454392.0656738}]}, "version": 351, "at": 1730454392.0657575}
{"obj": {"type": "LogFloats", "path": ["train", "batch", "loss"], "values": [{"value": 7.223092692716214e+26, "step": null, "ts": 1730454397.4306784}]}, "version": 352, "at": 1730454397.4307847}
{"obj": {"type": "LogFloats", "path": ["train", "batch", "loss"], "values": [{"value": 7.327091066231286e+26, "step": null, "ts": 1730454402.6265662}]}, "version": 353, "at": 1730454402.626638}
{"obj": {"type": "LogFloats", "path": ["train", "batch", "loss"], "values": [{"value": 7.341927285292371e+26, "step": null, "ts": 1730454408.2061203}]}, "version": 354, "at": 1730454408.2062013}
{"obj": {"type": "LogFloats", "path": ["train", "batch", "loss"], "values": [{"value": 7.362107543405433e+26, "step": null, "ts": 1730454413.7530015}]}, "version": 355, "at": 1730454413.7530742}
{"obj": {"type": "LogFloats", "path": ["train", "batch", "loss"], "values": [{"value": 7.379307956274233e+26, "step": null, "ts": 1730454419.2540927}]}, "version": 356, "at": 1730454419.2541783}
{"obj": {"type": "LogFloats", "path": ["train", "batch", "loss"], "values": [{"value": 7.394898513140808e+26, "step": null, "ts": 1730454424.800823}]}, "version": 357, "at": 1730454424.8008747}
{"obj": {"type": "LogFloats", "path": ["train", "batch", "loss"], "values": [{"value": 7.4095300295476e+26, "step": null, "ts": 1730454430.038691}]}, "version": 358, "at": 1730454430.0387442}
{"obj": {"type": "LogFloats", "path": ["train", "batch", "loss"], "values": [{"value": 7.4226529006076e+26, "step": null, "ts": 1730454435.213298}]}, "version": 359, "at": 1730454435.2133462}
{"obj": {"type": "LogFloats", "path": ["train", "batch", "loss"], "values": [{"value": 7.449150057437808e+26, "step": null, "ts": 1730454440.4950044}]}, "version": 360, "at": 1730454440.495134}
{"obj": {"type": "LogFloats", "path": ["train", "batch", "loss"], "values": [{"value": 7.463768237425094e+26, "step": null, "ts": 1730454445.7386963}]}, "version": 361, "at": 1730454445.738779}
{"obj": {"type": "LogFloats", "path": ["train", "batch", "loss"], "values": [{"value": 7.479358743851354e+26, "step": null, "ts": 1730454451.151643}]}, "version": 362, "at": 1730454451.151687}
{"obj": {"type": "LogFloats", "path": ["train", "batch", "loss"], "values": [{"value": 7.49163889270217e+26, "step": null, "ts": 1730454456.5031476}]}, "version": 363, "at": 1730454456.503229}
{"obj": {"type": "LogFloats", "path": ["train", "batch", "loss"], "values": [{"value": 7.504816523210183e+26, "step": null, "ts": 1730454462.0685608}]}, "version": 364, "at": 1730454462.0686367}
{"obj": {"type": "LogFloats", "path": ["train", "batch", "loss"], "values": [{"value": 7.562049408667097e+26, "step": null, "ts": 1730454467.3919895}]}, "version": 365, "at": 1730454467.3920653}
{"obj": {"type": "LogFloats", "path": ["train", "batch", "loss"], "values": [{"value": 7.587739214919881e+26, "step": null, "ts": 1730454472.9350598}]}, "version": 366, "at": 1730454472.9351485}
{"obj": {"type": "LogFloats", "path": ["train", "batch", "loss"], "values": [{"value": 7.60107368742823e+26, "step": null, "ts": 1730454478.159966}]}, "version": 367, "at": 1730454478.1600504}
{"obj": {"type": "LogFloats", "path": ["train", "batch", "loss"], "values": [{"value": 7.620394817259097e+26, "step": null, "ts": 1730454483.4799595}]}, "version": 368, "at": 1730454483.4800918}
{"obj": {"type": "LogFloats", "path": ["train", "batch", "loss"], "values": [{"value": 7.647598850439905e+26, "step": null, "ts": 1730454488.9289324}]}, "version": 369, "at": 1730454488.9290063}
{"obj": {"type": "LogFloats", "path": ["train", "batch", "loss"], "values": [{"value": 7.667335460034538e+26, "step": null, "ts": 1730454494.1695962}]}, "version": 370, "at": 1730454494.1696727}
{"obj": {"type": "LogFloats", "path": ["train", "batch", "loss"], "values": [{"value": 7.680648270588967e+26, "step": null, "ts": 1730454499.6652887}]}, "version": 371, "at": 1730454499.6653688}
{"obj": {"type": "LogFloats", "path": ["train", "batch", "loss"], "values": [{"value": 7.710841947405675e+26, "step": null, "ts": 1730454505.01555}]}, "version": 372, "at": 1730454505.0155966}
{"obj": {"type": "LogFloats", "path": ["train", "batch", "loss"], "values": [{"value": 7.73002369335009e+26, "step": null, "ts": 1730454510.7162688}]}, "version": 373, "at": 1730454510.7163577}
{"obj": {"type": "LogFloats", "path": ["train", "batch", "loss"], "values": [{"value": 7.74464823602293e+26, "step": null, "ts": 1730454516.4084766}]}, "version": 374, "at": 1730454516.4085896}
{"obj": {"type": "LogFloats", "path": ["train", "batch", "loss"], "values": [{"value": 7.778045792349524e+26, "step": null, "ts": 1730454521.9557374}]}, "version": 375, "at": 1730454521.9557853}
{"obj": {"type": "LogFloats", "path": ["train", "batch", "loss"], "values": [{"value": 7.792084306462725e+26, "step": null, "ts": 1730454527.3828983}]}, "version": 376, "at": 1730454527.3829694}
{"obj": {"type": "LogFloats", "path": ["train", "batch", "loss"], "values": [{"value": 7.809530718192962e+26, "step": null, "ts": 1730454532.73417}]}, "version": 377, "at": 1730454532.7342412}
{"obj": {"type": "LogFloats", "path": ["train", "batch", "loss"], "values": [{"value": 7.879107109860825e+26, "step": null, "ts": 1730454538.2149541}]}, "version": 378, "at": 1730454538.214999}
{"obj": {"type": "LogFloats", "path": ["train", "batch", "loss"], "values": [{"value": 7.895756901830544e+26, "step": null, "ts": 1730454543.3578079}]}, "version": 379, "at": 1730454543.3578675}
{"obj": {"type": "LogFloats", "path": ["train", "batch", "loss"], "values": [{"value": 7.909098862564065e+26, "step": null, "ts": 1730454548.5986843}]}, "version": 380, "at": 1730454548.598772}
{"obj": {"type": "LogFloats", "path": ["train", "batch", "loss"], "values": [{"value": 7.920758905377868e+26, "step": null, "ts": 1730454553.892783}]}, "version": 381, "at": 1730454553.8928347}
{"obj": {"type": "LogFloats", "path": ["train", "batch", "loss"], "values": [{"value": 7.936113564416538e+26, "step": null, "ts": 1730454559.3259103}]}, "version": 382, "at": 1730454559.3259618}
{"obj": {"type": "LogFloats", "path": ["train", "batch", "loss"], "values": [{"value": 7.948877738538026e+26, "step": null, "ts": 1730454564.6057246}]}, "version": 383, "at": 1730454564.6057756}
{"obj": {"type": "LogFloats", "path": ["train", "batch", "loss"], "values": [{"value": 7.964653324894572e+26, "step": null, "ts": 1730454569.9108882}]}, "version": 384, "at": 1730454569.9109478}
{"obj": {"type": "LogFloats", "path": ["train", "batch", "loss"], "values": [{"value": 7.979281499270151e+26, "step": null, "ts": 1730454575.332119}]}, "version": 385, "at": 1730454575.332204}
{"obj": {"type": "LogFloats", "path": ["train", "batch", "loss"], "values": [{"value": 7.991906827054839e+26, "step": null, "ts": 1730454580.6528893}]}, "version": 386, "at": 1730454580.6529415}
{"obj": {"type": "LogFloats", "path": ["train", "batch", "loss"], "values": [{"value": 8.004207087180151e+26, "step": null, "ts": 1730454585.9579856}]}, "version": 387, "at": 1730454585.9580376}
{"obj": {"type": "LogFloats", "path": ["train", "batch", "loss"], "values": [{"value": 8.01734707480104e+26, "step": null, "ts": 1730454591.279457}]}, "version": 388, "at": 1730454591.279535}
{"obj": {"type": "LogFloats", "path": ["train", "batch", "loss"], "values": [{"value": 8.034280348551462e+26, "step": null, "ts": 1730454596.5156214}]}, "version": 389, "at": 1730454596.5158596}
{"obj": {"type": "LogFloats", "path": ["train", "batch", "loss"], "values": [{"value": 8.05095033105903e+26, "step": null, "ts": 1730454601.7827432}]}, "version": 390, "at": 1730454601.782795}
{"obj": {"type": "LogFloats", "path": ["train", "batch", "loss"], "values": [{"value": 8.067817548171846e+26, "step": null, "ts": 1730454607.0610201}]}, "version": 391, "at": 1730454607.0610678}
{"obj": {"type": "LogFloats", "path": ["train", "batch", "loss"], "values": [{"value": 8.08807913913245e+26, "step": null, "ts": 1730454612.6535988}]}, "version": 392, "at": 1730454612.6536727}
{"obj": {"type": "LogFloats", "path": ["train", "batch", "loss"], "values": [{"value": 8.106423106018632e+26, "step": null, "ts": 1730454618.0679452}]}, "version": 393, "at": 1730454618.0679874}
{"obj": {"type": "LogFloats", "path": ["train", "batch", "loss"], "values": [{"value": 8.12104642947698e+26, "step": null, "ts": 1730454623.4317205}]}, "version": 394, "at": 1730454623.4319444}
{"obj": {"type": "LogFloats", "path": ["train", "batch", "loss"], "values": [{"value": 8.14752937366734e+26, "step": null, "ts": 1730454628.864935}]}, "version": 395, "at": 1730454628.8649986}
{"obj": {"type": "LogFloats", "path": ["train", "batch", "loss"], "values": [{"value": 8.162323388595598e+26, "step": null, "ts": 1730454634.2916882}]}, "version": 396, "at": 1730454634.2917376}
{"obj": {"type": "LogFloats", "path": ["train", "batch", "loss"], "values": [{"value": 8.175897579425488e+26, "step": null, "ts": 1730454639.7282155}]}, "version": 397, "at": 1730454639.7282965}
{"obj": {"type": "LogFloats", "path": ["train", "batch", "loss"], "values": [{"value": 8.189257511322962e+26, "step": null, "ts": 1730454644.957401}]}, "version": 398, "at": 1730454644.9574516}
{"obj": {"type": "LogFloats", "path": ["train", "batch", "loss"], "values": [{"value": 8.203622408867205e+26, "step": null, "ts": 1730454650.2777078}]}, "version": 399, "at": 1730454650.277791}
{"obj": {"type": "LogFloats", "path": ["train", "batch", "loss"], "values": [{"value": 8.216479540167305e+26, "step": null, "ts": 1730454655.6634586}]}, "version": 400, "at": 1730454655.663509}
{"obj": {"type": "LogFloats", "path": ["train", "batch", "loss"], "values": [{"value": 8.233030718437279e+26, "step": null, "ts": 1730454660.9502556}]}, "version": 401, "at": 1730454660.9503052}
{"obj": {"type": "LogFloats", "path": ["train", "batch", "loss"], "values": [{"value": 8.245330576481216e+26, "step": null, "ts": 1730454666.174332}]}, "version": 402, "at": 1730454666.1743824}
{"obj": {"type": "LogFloats", "path": ["train", "batch", "loss"], "values": [{"value": 8.259898052421882e+26, "step": null, "ts": 1730454671.4196155}]}, "version": 403, "at": 1730454671.4196644}
{"obj": {"type": "LogFloats", "path": ["train", "batch", "loss"], "values": [{"value": 8.274171196149332e+26, "step": null, "ts": 1730454676.7341318}]}, "version": 404, "at": 1730454676.734182}
{"obj": {"type": "LogFloats", "path": ["train", "batch", "loss"], "values": [{"value": 8.290000536029879e+26, "step": null, "ts": 1730454682.1201677}]}, "version": 405, "at": 1730454682.1202164}
{"obj": {"type": "LogFloats", "path": ["train", "batch", "loss"], "values": [{"value": 8.307624657639685e+26, "step": null, "ts": 1730454687.5203087}]}, "version": 406, "at": 1730454687.5203593}
{"obj": {"type": "LogFloats", "path": ["train", "batch", "loss"], "values": [{"value": 8.320512185715254e+26, "step": null, "ts": 1730454692.864838}]}, "version": 407, "at": 1730454692.8648884}
{"obj": {"type": "LogFloats", "path": ["train", "batch", "loss"], "values": [{"value": 8.339850937951318e+26, "step": null, "ts": 1730454698.358999}]}, "version": 408, "at": 1730454698.3590717}
{"obj": {"type": "LogFloats", "path": ["train", "batch", "loss"], "values": [{"value": 8.356060936483889e+26, "step": null, "ts": 1730454703.640929}]}, "version": 409, "at": 1730454703.6409922}
{"obj": {"type": "LogFloats", "path": ["train", "batch", "loss"], "values": [{"value": 8.373758822011559e+26, "step": null, "ts": 1730454709.2459936}]}, "version": 410, "at": 1730454709.2460961}
{"obj": {"type": "LogFloats", "path": ["train", "batch", "loss"], "values": [{"value": 8.389669576885306e+26, "step": null, "ts": 1730454714.511772}]}, "version": 411, "at": 1730454714.511823}
{"obj": {"type": "LogFloats", "path": ["train", "batch", "loss"], "values": [{"value": 8.405645729790249e+26, "step": null, "ts": 1730454719.745444}]}, "version": 412, "at": 1730454719.745496}
{"obj": {"type": "LogFloats", "path": ["train", "batch", "loss"], "values": [{"value": 8.430232726271624e+26, "step": null, "ts": 1730454724.971683}]}, "version": 413, "at": 1730454724.9717345}
{"obj": {"type": "LogFloats", "path": ["train", "batch", "loss"], "values": [{"value": 8.446007645374849e+26, "step": null, "ts": 1730454730.2050729}]}, "version": 414, "at": 1730454730.205133}
{"obj": {"type": "LogFloats", "path": ["train", "batch", "loss"], "values": [{"value": 8.465171451860652e+26, "step": null, "ts": 1730454735.5559123}]}, "version": 415, "at": 1730454735.5559602}
{"obj": {"type": "LogFloats", "path": ["train", "batch", "loss"], "values": [{"value": 8.51590328965425e+26, "step": null, "ts": 1730454740.8161676}]}, "version": 416, "at": 1730454740.8162153}
{"obj": {"type": "LogFloats", "path": ["train", "batch", "loss"], "values": [{"value": 8.535011124683308e+26, "step": null, "ts": 1730454746.3980067}]}, "version": 417, "at": 1730454746.3980558}
{"obj": {"type": "LogFloats", "path": ["train", "batch", "loss"], "values": [{"value": 8.548628642303341e+26, "step": null, "ts": 1730454751.6146557}]}, "version": 418, "at": 1730454751.6148574}
{"obj": {"type": "LogFloats", "path": ["train", "batch", "loss"], "values": [{"value": 8.57068154037602e+26, "step": null, "ts": 1730454757.1296468}]}, "version": 419, "at": 1730454757.129701}
{"obj": {"type": "LogFloats", "path": ["train", "batch", "loss"], "values": [{"value": 8.584653768708465e+26, "step": null, "ts": 1730454762.4037623}]}, "version": 420, "at": 1730454762.4038055}
{"obj": {"type": "LogFloats", "path": ["train", "batch", "loss"], "values": [{"value": 8.603507458044504e+26, "step": null, "ts": 1730454767.7272584}]}, "version": 421, "at": 1730454767.7273035}
{"obj": {"type": "LogFloats", "path": ["train", "batch", "loss"], "values": [{"value": 8.622923682282222e+26, "step": null, "ts": 1730454773.0795162}]}, "version": 422, "at": 1730454773.079589}
{"obj": {"type": "LogFloats", "path": ["train", "batch", "loss"], "values": [{"value": 8.657733656803376e+26, "step": null, "ts": 1730454778.4408646}]}, "version": 423, "at": 1730454778.4409163}
{"obj": {"type": "LogFloats", "path": ["train", "batch", "loss"], "values": [{"value": 8.673735358448861e+26, "step": null, "ts": 1730454783.7302701}]}, "version": 424, "at": 1730454783.7303145}
{"obj": {"type": "LogFloats", "path": ["train", "batch", "loss"], "values": [{"value": 8.688100140700954e+26, "step": null, "ts": 1730454789.0310302}]}, "version": 425, "at": 1730454789.031116}
{"obj": {"type": "LogFloats", "path": ["train", "batch", "loss"], "values": [{"value": 8.708660831205195e+26, "step": null, "ts": 1730454794.323125}]}, "version": 426, "at": 1730454794.3231688}
{"obj": {"type": "LogFloats", "path": ["train", "batch", "loss"], "values": [{"value": 8.73689421864605e+26, "step": null, "ts": 1730454799.7662764}]}, "version": 427, "at": 1730454799.7663505}
{"obj": {"type": "LogFloats", "path": ["train", "batch", "loss"], "values": [{"value": 8.757309668422596e+26, "step": null, "ts": 1730454804.9443924}]}, "version": 428, "at": 1730454804.944436}
{"obj": {"type": "LogFloats", "path": ["train", "batch", "loss"], "values": [{"value": 8.773766092397561e+26, "step": null, "ts": 1730454810.3215344}]}, "version": 429, "at": 1730454810.3215783}
{"obj": {"type": "LogFloats", "path": ["train", "batch", "loss"], "values": [{"value": 8.789086397257698e+26, "step": null, "ts": 1730454815.8027558}]}, "version": 430, "at": 1730454815.802803}
{"obj": {"type": "LogFloats", "path": ["train", "batch", "loss"], "values": [{"value": 8.809258936561286e+26, "step": null, "ts": 1730454821.2289586}]}, "version": 431, "at": 1730454821.2290218}
{"obj": {"type": "LogFloats", "path": ["train", "batch", "loss"], "values": [{"value": 8.822885765463621e+26, "step": null, "ts": 1730454826.4712877}]}, "version": 432, "at": 1730454826.4713695}
{"obj": {"type": "LogFloats", "path": ["train", "batch", "loss"], "values": [{"value": 8.857875509270381e+26, "step": null, "ts": 1730454831.8580592}]}, "version": 433, "at": 1730454831.8581107}
{"obj": {"type": "LogFloats", "path": ["train", "batch", "loss"], "values": [{"value": 8.875418782259676e+26, "step": null, "ts": 1730454837.2100384}]}, "version": 434, "at": 1730454837.2100897}
{"obj": {"type": "LogFloats", "path": ["train", "batch", "loss"], "values": [{"value": 8.89197021417238e+26, "step": null, "ts": 1730454842.5142014}]}, "version": 435, "at": 1730454842.5142758}
{"obj": {"type": "LogFloats", "path": ["train", "batch", "loss"], "values": [{"value": 8.911563857176987e+26, "step": null, "ts": 1730454847.9549077}]}, "version": 436, "at": 1730454847.9549513}
{"obj": {"type": "LogFloats", "path": ["train", "batch", "loss"], "values": [{"value": 8.923223377573234e+26, "step": null, "ts": 1730454853.1945384}]}, "version": 437, "at": 1730454853.1945863}
{"obj": {"type": "LogFloats", "path": ["train", "batch", "loss"], "values": [{"value": 8.943395944258708e+26, "step": null, "ts": 1730454858.534428}]}, "version": 438, "at": 1730454858.5344706}
{"obj": {"type": "LogFloats", "path": ["train", "batch", "loss"], "values": [{"value": 8.957828398679666e+26, "step": null, "ts": 1730454863.7622051}]}, "version": 439, "at": 1730454863.7622795}
{"obj": {"type": "LogFloats", "path": ["train", "batch", "loss"], "values": [{"value": 8.970715902255653e+26, "step": null, "ts": 1730454869.1313818}]}, "version": 440, "at": 1730454869.1314263}
{"obj": {"type": "LogFloats", "path": ["train", "batch", "loss"], "values": [{"value": 8.985298814374113e+26, "step": null, "ts": 1730454874.3758664}]}, "version": 441, "at": 1730454874.3759108}
{"obj": {"type": "LogFloats", "path": ["train", "batch", "loss"], "values": [{"value": 9.007750826489802e+26, "step": null, "ts": 1730454879.56477}]}, "version": 442, "at": 1730454879.5648272}
{"obj": {"type": "LogFloats", "path": ["train", "batch", "loss"], "values": [{"value": 9.021212936055622e+26, "step": null, "ts": 1730454885.009712}]}, "version": 443, "at": 1730454885.0097528}
{"obj": {"type": "LogFloats", "path": ["train", "batch", "loss"], "values": [{"value": 9.035107938823384e+26, "step": null, "ts": 1730454890.359374}]}, "version": 444, "at": 1730454890.3594775}
{"obj": {"type": "LogFloats", "path": ["train", "batch", "loss"], "values": [{"value": 9.048725384385824e+26, "step": null, "ts": 1730454895.7969847}]}, "version": 445, "at": 1730454895.79703}
{"obj": {"type": "LogFloats", "path": ["train", "batch", "loss"], "values": [{"value": 9.062891686877442e+26, "step": null, "ts": 1730454901.0760627}]}, "version": 446, "at": 1730454901.076112}
{"obj": {"type": "LogFloats", "path": ["train", "batch", "loss"], "values": [{"value": 9.076464851607194e+26, "step": null, "ts": 1730454906.464909}]}, "version": 447, "at": 1730454906.4649513}
{"obj": {"type": "LogFloats", "path": ["train", "batch", "loss"], "values": [{"value": 9.090725686456431e+26, "step": null, "ts": 1730454911.7116568}]}, "version": 448, "at": 1730454911.7116995}
{"obj": {"type": "LogFloats", "path": ["train", "batch", "loss"], "values": [{"value": 9.113157518122333e+26, "step": null, "ts": 1730454917.0528796}]}, "version": 449, "at": 1730454917.0529234}
{"obj": {"type": "LogFloats", "path": ["train", "batch", "loss"], "values": [{"value": 9.126610405757268e+26, "step": null, "ts": 1730454922.262149}]}, "version": 450, "at": 1730454922.2622209}
{"obj": {"type": "LogFloats", "path": ["train", "batch", "loss"], "values": [{"value": 9.140980720591431e+26, "step": null, "ts": 1730454927.6317768}]}, "version": 451, "at": 1730454927.6318536}
{"obj": {"type": "LogFloats", "path": ["train", "batch", "loss"], "values": [{"value": 9.167219343421141e+26, "step": null, "ts": 1730454933.0357475}]}, "version": 452, "at": 1730454933.0358188}
{"obj": {"type": "LogFloats", "path": ["train", "batch", "loss"], "values": [{"value": 9.180795693096549e+26, "step": null, "ts": 1730454938.5186944}]}, "version": 453, "at": 1730454938.518745}
{"obj": {"type": "LogFloats", "path": ["train", "batch", "loss"], "values": [{"value": 9.195410262998374e+26, "step": null, "ts": 1730454943.610689}]}, "version": 454, "at": 1730454943.6107295}
{"obj": {"type": "LogFloats", "path": ["train", "batch", "loss"], "values": [{"value": 9.214729176337648e+26, "step": null, "ts": 1730454948.9190297}]}, "version": 455, "at": 1730454948.9190726}
{"obj": {"type": "LogFloats", "path": ["train", "batch", "loss"], "values": [{"value": 9.229200662916144e+26, "step": null, "ts": 1730454954.3165944}]}, "version": 456, "at": 1730454954.316635}
{"obj": {"type": "LogFloats", "path": ["train", "batch", "loss"], "values": [{"value": 9.243992811552716e+26, "step": null, "ts": 1730454959.6980338}]}, "version": 457, "at": 1730454959.6980755}
{"obj": {"type": "LogFloats", "path": ["train", "batch", "loss"], "values": [{"value": 9.258236224316867e+26, "step": null, "ts": 1730454964.9509923}]}, "version": 458, "at": 1730454964.9510324}
{"obj": {"type": "LogFloats", "path": ["train", "batch", "loss"], "values": [{"value": 9.27301046664132e+26, "step": null, "ts": 1730454970.2335353}]}, "version": 459, "at": 1730454970.2336495}
{"obj": {"type": "LogFloats", "path": ["train", "batch", "loss"], "values": [{"value": 9.290494339673546e+26, "step": null, "ts": 1730454975.6514256}]}, "version": 460, "at": 1730454975.6515005}
{"obj": {"type": "LogFloats", "path": ["train", "batch", "loss"], "values": [{"value": 9.303941569346198e+26, "step": null, "ts": 1730454981.2085729}]}, "version": 461, "at": 1730454981.2086437}
{"obj": {"type": "LogFloats", "path": ["train", "batch", "loss"], "values": [{"value": 9.318202330696689e+26, "step": null, "ts": 1730454986.6231575}]}, "version": 462, "at": 1730454986.62323}
{"obj": {"type": "LogFloats", "path": ["train", "batch", "loss"], "values": [{"value": 9.333791078917654e+26, "step": null, "ts": 1730454992.4278111}]}, "version": 463, "at": 1730454992.4278882}
{"obj": {"type": "LogFloats", "path": ["train", "loss"], "values": [{"value": 3.2185486479026392e+25, "step": null, "ts": 1730454992.4328635}]}, "version": 464, "at": 1730454992.4329076}
