{"obj": {"type": "AssignString", "path": ["sys", "description"], "value": ""}, "version": 1, "at": 1732094850.3604803}
{"obj": {"type": "AssignString", "path": ["monitoring", "94eb4f00", "hostname"], "value": "e81340"}, "version": 2, "at": 1732094850.3617454}
{"obj": {"type": "AssignString", "path": ["sys", "hostname"], "value": "e81340"}, "version": 3, "at": 1732094850.3622415}
{"obj": {"type": "AssignString", "path": ["monitoring", "94eb4f00", "pid"], "value": "14708"}, "version": 4, "at": 1732094850.3626473}
{"obj": {"type": "AssignString", "path": ["monitoring", "94eb4f00", "tid"], "value": "139676966545216"}, "version": 5, "at": 1732094850.3630328}
{"obj": {"type": "AssignBool", "path": ["sys", "failed"], "value": false}, "version": 6, "at": 1732094850.3634145}
{"obj": {"type": "UploadFileSet", "path": ["source_code", "files"], "file_globs": ["/echo/hammac01/RadialMamba/Autoencoder/**/**/*.py"], "reset": "False"}, "version": 7, "at": 1732094850.363922}
{"obj": {"type": "UploadFile", "path": ["source_code", "diff"], "ext": "patch", "file_path": null, "tmp_file_name": "source_code_diff-1732094850.386112-2024-11-20_10.27.30.386112.patch", "clean_after_upload": false}, "version": 8, "at": 1732094850.3871994}
{"obj": {"type": "UploadFile", "path": ["source_code", "upstream_diff_6d179a121c9301251e0e1e4d832174de490855b6"], "ext": "patch", "file_path": null, "tmp_file_name": "source_code_upstream_diff_6d179a121c9301251e0e1e4d832174de490855b6-1732094850.387645-2024-11-20_10.27.30.387645.patch", "clean_after_upload": false}, "version": 9, "at": 1732094850.3885705}
{"obj": {"type": "AssignFloat", "path": ["parameters", "learning_rate"], "value": 0.001}, "version": 10, "at": 1732094850.5921698}
{"obj": {"type": "AssignString", "path": ["parameters", "optimizer"], "value": "Adam"}, "version": 11, "at": 1732094850.5931392}
{"obj": {"type": "LogFloats", "path": ["train", "batch", "loss"], "values": [{"value": 1.1149514098578817e+19, "step": null, "ts": 1732094855.8568542}]}, "version": 12, "at": 1732094855.8569818}
{"obj": {"type": "LogFloats", "path": ["train", "batch", "loss"], "values": [{"value": 1.1660906352010682e+27, "step": null, "ts": 1732094860.155938}]}, "version": 13, "at": 1732094860.1560967}
{"obj": {"type": "LogFloats", "path": ["train", "batch", "loss"], "values": [{"value": 1.680287907765059e+26, "step": null, "ts": 1732094864.4332163}]}, "version": 14, "at": 1732094864.4332807}
{"obj": {"type": "LogFloats", "path": ["train", "batch", "loss"], "values": [{"value": 1.8358640579339107e+26, "step": null, "ts": 1732094868.7060845}]}, "version": 15, "at": 1732094868.7061872}
{"obj": {"type": "LogFloats", "path": ["train", "batch", "loss"], "values": [{"value": 1.3642296958409528e+26, "step": null, "ts": 1732094872.9953263}]}, "version": 16, "at": 1732094872.995457}
{"obj": {"type": "LogFloats", "path": ["train", "batch", "loss"], "values": [{"value": 1.0388183390354332e+26, "step": null, "ts": 1732094877.2817223}]}, "version": 17, "at": 1732094877.281792}
{"obj": {"type": "LogFloats", "path": ["train", "batch", "loss"], "values": [{"value": 1.0255531931383083e+26, "step": null, "ts": 1732094881.5389729}]}, "version": 18, "at": 1732094881.539075}
{"obj": {"type": "LogFloats", "path": ["train", "batch", "loss"], "values": [{"value": 1.0388163098935851e+26, "step": null, "ts": 1732094885.8418887}]}, "version": 19, "at": 1732094885.8419518}
{"obj": {"type": "LogFloats", "path": ["train", "batch", "loss"], "values": [{"value": 1.4057779431542114e+26, "step": null, "ts": 1732094890.1273541}]}, "version": 20, "at": 1732094890.1274076}
{"obj": {"type": "LogFloats", "path": ["train", "batch", "loss"], "values": [{"value": 1.1820073160913481e+26, "step": null, "ts": 1732094894.4112415}]}, "version": 21, "at": 1732094894.4113061}
{"obj": {"type": "LogFloats", "path": ["train", "batch", "loss"], "values": [{"value": 1.2228301451939081e+26, "step": null, "ts": 1732094898.640434}]}, "version": 22, "at": 1732094898.6405149}
{"obj": {"type": "LogFloats", "path": ["train", "batch", "loss"], "values": [{"value": 1.3210118337215828e+26, "step": null, "ts": 1732094902.8736424}]}, "version": 23, "at": 1732094902.873696}
{"obj": {"type": "LogFloats", "path": ["train", "batch", "loss"], "values": [{"value": 1.1201879417154901e+26, "step": null, "ts": 1732094907.1150777}]}, "version": 24, "at": 1732094907.115128}
{"obj": {"type": "LogFloats", "path": ["train", "batch", "loss"], "values": [{"value": 1.672294195688158e+26, "step": null, "ts": 1732094911.362852}]}, "version": 25, "at": 1732094911.3629057}
{"obj": {"type": "LogFloats", "path": ["train", "batch", "loss"], "values": [{"value": 1.3098156746397651e+26, "step": null, "ts": 1732094915.6556745}]}, "version": 26, "at": 1732094915.6557255}
{"obj": {"type": "LogFloats", "path": ["train", "batch", "loss"], "values": [{"value": 1.0617327922900749e+26, "step": null, "ts": 1732094919.9363904}]}, "version": 27, "at": 1732094919.9364562}
{"obj": {"type": "LogFloats", "path": ["train", "batch", "loss"], "values": [{"value": 1.0184052642771866e+26, "step": null, "ts": 1732094924.2285042}]}, "version": 28, "at": 1732094924.2285552}
{"obj": {"type": "LogFloats", "path": ["train", "batch", "loss"], "values": [{"value": 1.2335765726552087e+26, "step": null, "ts": 1732094928.4827843}]}, "version": 29, "at": 1732094928.4829073}
{"obj": {"type": "LogFloats", "path": ["train", "batch", "loss"], "values": [{"value": 1.1649392816697076e+26, "step": null, "ts": 1732094932.7199411}]}, "version": 30, "at": 1732094932.7200594}
{"obj": {"type": "LogFloats", "path": ["train", "batch", "loss"], "values": [{"value": 1.034065535424842e+26, "step": null, "ts": 1732094936.9782257}]}, "version": 31, "at": 1732094936.9782834}
{"obj": {"type": "LogFloats", "path": ["train", "batch", "loss"], "values": [{"value": 1.5759405794981878e+26, "step": null, "ts": 1732094941.2363744}]}, "version": 32, "at": 1732094941.2364306}
{"obj": {"type": "LogFloats", "path": ["train", "batch", "loss"], "values": [{"value": 2.457038426599921e+26, "step": null, "ts": 1732094945.547267}]}, "version": 33, "at": 1732094945.5473232}
{"obj": {"type": "LogFloats", "path": ["train", "batch", "loss"], "values": [{"value": 1.3310313672326589e+26, "step": null, "ts": 1732094949.7919428}]}, "version": 34, "at": 1732094949.791996}
{"obj": {"type": "LogFloats", "path": ["train", "batch", "loss"], "values": [{"value": 4.922537267901808e+26, "step": null, "ts": 1732094954.0619764}]}, "version": 35, "at": 1732094954.062035}
{"obj": {"type": "LogFloats", "path": ["train", "batch", "loss"], "values": [{"value": 1.179907338745997e+26, "step": null, "ts": 1732094958.2723339}]}, "version": 36, "at": 1732094958.2723885}
{"obj": {"type": "LogFloats", "path": ["train", "batch", "loss"], "values": [{"value": 1.3310311827652181e+26, "step": null, "ts": 1732094962.5572212}]}, "version": 37, "at": 1732094962.5572665}
{"obj": {"type": "LogFloats", "path": ["train", "batch", "loss"], "values": [{"value": 3.282174201737801e+26, "step": null, "ts": 1732094966.8168113}]}, "version": 38, "at": 1732094966.8168683}
{"obj": {"type": "LogFloats", "path": ["train", "batch", "loss"], "values": [{"value": 1.3573345796073613e+26, "step": null, "ts": 1732094971.069777}]}, "version": 39, "at": 1732094971.0698795}
{"obj": {"type": "LogFloats", "path": ["train", "batch", "loss"], "values": [{"value": 1.4793314759027969e+26, "step": null, "ts": 1732094975.3396115}]}, "version": 40, "at": 1732094975.3396685}
{"obj": {"type": "LogFloats", "path": ["train", "batch", "loss"], "values": [{"value": 2.732950435994091e+26, "step": null, "ts": 1732094979.5528865}]}, "version": 41, "at": 1732094979.552945}
{"obj": {"type": "LogFloats", "path": ["train", "batch", "loss"], "values": [{"value": 1.0244283106846935e+26, "step": null, "ts": 1732094983.804776}]}, "version": 42, "at": 1732094983.8048213}
{"obj": {"type": "LogFloats", "path": ["train", "batch", "loss"], "values": [{"value": 2.3346898431287202e+26, "step": null, "ts": 1732094988.0271134}]}, "version": 43, "at": 1732094988.0271697}
{"obj": {"type": "LogFloats", "path": ["train", "batch", "loss"], "values": [{"value": 1.575937628019136e+26, "step": null, "ts": 1732094992.296212}]}, "version": 44, "at": 1732094992.2962694}
{"obj": {"type": "LogFloats", "path": ["train", "batch", "loss"], "values": [{"value": 1.0787914188722378e+26, "step": null, "ts": 1732094996.5472736}]}, "version": 45, "at": 1732094996.5473301}
{"obj": {"type": "LogFloats", "path": ["train", "batch", "loss"], "values": [{"value": 1.0506645613784084e+26, "step": null, "ts": 1732095000.7912664}]}, "version": 46, "at": 1732095000.7913208}
{"obj": {"type": "LogFloats", "path": ["train", "batch", "loss"], "values": [{"value": 1.8338688580948983e+26, "step": null, "ts": 1732095005.1430118}]}, "version": 47, "at": 1732095005.1430693}
{"obj": {"type": "LogFloats", "path": ["train", "batch", "loss"], "values": [{"value": 1.0860501204315221e+26, "step": null, "ts": 1732095009.3644192}]}, "version": 48, "at": 1732095009.364465}
{"obj": {"type": "LogFloats", "path": ["train", "batch", "loss"], "values": [{"value": 1.038285228131703e+26, "step": null, "ts": 1732095013.567223}]}, "version": 49, "at": 1732095013.5672681}
{"obj": {"type": "LogFloats", "path": ["train", "batch", "loss"], "values": [{"value": 1.1898137937159013e+26, "step": null, "ts": 1732095017.8493047}]}, "version": 50, "at": 1732095017.849466}
{"obj": {"type": "LogFloats", "path": ["train", "batch", "loss"], "values": [{"value": 1.1129827357140195e+26, "step": null, "ts": 1732095022.2631123}]}, "version": 51, "at": 1732095022.2631896}
{"obj": {"type": "LogFloats", "path": ["train", "batch", "loss"], "values": [{"value": 1.6648324877103423e+26, "step": null, "ts": 1732095026.608642}]}, "version": 52, "at": 1732095026.6086946}
{"obj": {"type": "LogFloats", "path": ["train", "batch", "loss"], "values": [{"value": 2.3792416815457806e+26, "step": null, "ts": 1732095030.9886107}]}, "version": 53, "at": 1732095030.9886658}
{"obj": {"type": "LogFloats", "path": ["train", "batch", "loss"], "values": [{"value": 1.4012714958107246e+26, "step": null, "ts": 1732095035.4197366}]}, "version": 54, "at": 1732095035.4197886}
{"obj": {"type": "LogFloats", "path": ["train", "batch", "loss"], "values": [{"value": 1.3884942662943493e+26, "step": null, "ts": 1732095039.753428}]}, "version": 55, "at": 1732095039.7534711}
{"obj": {"type": "LogFloats", "path": ["train", "batch", "loss"], "values": [{"value": 1.0347150452836773e+26, "step": null, "ts": 1732095044.0916834}]}, "version": 56, "at": 1732095044.0917268}
{"obj": {"type": "LogFloats", "path": ["train", "batch", "loss"], "values": [{"value": 2.4506621250434026e+26, "step": null, "ts": 1732095048.3699799}]}, "version": 57, "at": 1732095048.370023}
{"obj": {"type": "LogFloats", "path": ["train", "batch", "loss"], "values": [{"value": 1.217231004965215e+26, "step": null, "ts": 1732095052.7034264}]}, "version": 58, "at": 1732095052.70348}
{"obj": {"type": "LogFloats", "path": ["train", "batch", "loss"], "values": [{"value": 1.3210054695948774e+26, "step": null, "ts": 1732095057.0582242}]}, "version": 59, "at": 1732095057.0582783}
{"obj": {"type": "LogFloats", "path": ["train", "batch", "loss"], "values": [{"value": 1.4150664321976464e+26, "step": null, "ts": 1732095061.3871567}]}, "version": 60, "at": 1732095061.3872058}
{"obj": {"type": "LogFloats", "path": ["train", "batch", "loss"], "values": [{"value": 1.4012714035770042e+26, "step": null, "ts": 1732095065.7565916}]}, "version": 61, "at": 1732095065.756684}
{"obj": {"type": "LogFloats", "path": ["train", "batch", "loss"], "values": [{"value": 1.8412731966986446e+26, "step": null, "ts": 1732095069.9876952}]}, "version": 62, "at": 1732095069.987777}
{"obj": {"type": "LogFloats", "path": ["train", "batch", "loss"], "values": [{"value": 1.2982052939197723e+26, "step": null, "ts": 1732095074.2095656}]}, "version": 63, "at": 1732095074.2096112}
{"obj": {"type": "LogFloats", "path": ["train", "batch", "loss"], "values": [{"value": 1.4221450935347713e+26, "step": null, "ts": 1732095078.409114}]}, "version": 64, "at": 1732095078.409166}
{"obj": {"type": "LogFloats", "path": ["train", "batch", "loss"], "values": [{"value": 1.668230746903601e+26, "step": null, "ts": 1732095082.6649442}]}, "version": 65, "at": 1732095082.6649978}
{"obj": {"type": "LogFloats", "path": ["train", "batch", "loss"], "values": [{"value": 1.747520940357949e+26, "step": null, "ts": 1732095086.9219468}]}, "version": 66, "at": 1732095086.9219985}
{"obj": {"type": "LogFloats", "path": ["train", "batch", "loss"], "values": [{"value": 6.1678828632760436e+26, "step": null, "ts": 1732095091.164499}]}, "version": 67, "at": 1732095091.1645515}
{"obj": {"type": "LogFloats", "path": ["train", "batch", "loss"], "values": [{"value": 1.00807527206335e+26, "step": null, "ts": 1732095095.463837}]}, "version": 68, "at": 1732095095.463891}
{"obj": {"type": "LogFloats", "path": ["train", "batch", "loss"], "values": [{"value": 1.3222282120258032e+26, "step": null, "ts": 1732095099.707495}]}, "version": 69, "at": 1732095099.707552}
{"obj": {"type": "LogFloats", "path": ["train", "batch", "loss"], "values": [{"value": 2.3833287421627517e+26, "step": null, "ts": 1732095103.973107}]}, "version": 70, "at": 1732095103.9731486}
{"obj": {"type": "LogFloats", "path": ["train", "batch", "loss"], "values": [{"value": 1.4774479710991507e+26, "step": null, "ts": 1732095108.2543647}]}, "version": 71, "at": 1732095108.2544172}
{"obj": {"type": "LogFloats", "path": ["train", "batch", "loss"], "values": [{"value": 1.0510689140085041e+26, "step": null, "ts": 1732095112.6834567}]}, "version": 72, "at": 1732095112.683499}
{"obj": {"type": "LogFloats", "path": ["train", "batch", "loss"], "values": [{"value": 1.019610390067522e+26, "step": null, "ts": 1732095116.933703}]}, "version": 73, "at": 1732095116.9337566}
{"obj": {"type": "LogFloats", "path": ["train", "batch", "loss"], "values": [{"value": 2.4281119027504963e+26, "step": null, "ts": 1732095121.2702656}]}, "version": 74, "at": 1732095121.270318}
{"obj": {"type": "LogFloats", "path": ["train", "batch", "loss"], "values": [{"value": 1.0952335552674573e+26, "step": null, "ts": 1732095125.6505408}]}, "version": 75, "at": 1732095125.6505935}
{"obj": {"type": "LogFloats", "path": ["train", "batch", "loss"], "values": [{"value": 1.4038503506322292e+26, "step": null, "ts": 1732095129.9319806}]}, "version": 76, "at": 1732095129.9320233}
{"obj": {"type": "LogFloats", "path": ["train", "batch", "loss"], "values": [{"value": 1.2594448108046531e+26, "step": null, "ts": 1732095134.2002752}]}, "version": 77, "at": 1732095134.2003558}
{"obj": {"type": "LogFloats", "path": ["train", "batch", "loss"], "values": [{"value": 1.3620689364738789e+26, "step": null, "ts": 1732095138.4693618}]}, "version": 78, "at": 1732095138.469404}
{"obj": {"type": "LogFloats", "path": ["train", "batch", "loss"], "values": [{"value": 1.581797789676472e+26, "step": null, "ts": 1732095142.6929398}]}, "version": 79, "at": 1732095142.6929944}
{"obj": {"type": "LogFloats", "path": ["train", "batch", "loss"], "values": [{"value": 1.6224610544427944e+26, "step": null, "ts": 1732095146.9627624}]}, "version": 80, "at": 1732095146.9628193}
{"obj": {"type": "LogFloats", "path": ["train", "batch", "loss"], "values": [{"value": 1.1950307174073871e+26, "step": null, "ts": 1732095151.332767}]}, "version": 81, "at": 1732095151.3328192}
{"obj": {"type": "LogFloats", "path": ["train", "batch", "loss"], "values": [{"value": 2.3346887363240758e+26, "step": null, "ts": 1732095155.7069454}]}, "version": 82, "at": 1732095155.706996}
{"obj": {"type": "LogFloats", "path": ["train", "batch", "loss"], "values": [{"value": 8.900589986715802e+25, "step": null, "ts": 1732095159.9926383}]}, "version": 83, "at": 1732095159.992687}
{"obj": {"type": "LogFloats", "path": ["train", "batch", "loss"], "values": [{"value": 1.302515744607476e+26, "step": null, "ts": 1732095164.2930086}]}, "version": 84, "at": 1732095164.293066}
{"obj": {"type": "LogFloats", "path": ["train", "batch", "loss"], "values": [{"value": 1.324744071216296e+26, "step": null, "ts": 1732095168.624222}]}, "version": 85, "at": 1732095168.6242766}
{"obj": {"type": "LogFloats", "path": ["train", "batch", "loss"], "values": [{"value": 1.175507698050697e+26, "step": null, "ts": 1732095172.9043992}]}, "version": 86, "at": 1732095172.9044378}
{"obj": {"type": "LogFloats", "path": ["train", "batch", "loss"], "values": [{"value": 1.3410880709330435e+26, "step": null, "ts": 1732095177.1982548}]}, "version": 87, "at": 1732095177.1982946}
{"obj": {"type": "LogFloats", "path": ["train", "batch", "loss"], "values": [{"value": 1.129644849532318e+26, "step": null, "ts": 1732095181.566835}]}, "version": 88, "at": 1732095181.5668852}
{"obj": {"type": "LogFloats", "path": ["train", "batch", "loss"], "values": [{"value": 1.3098036842561172e+26, "step": null, "ts": 1732095186.0242662}]}, "version": 89, "at": 1732095186.0243206}
{"obj": {"type": "LogFloats", "path": ["train", "batch", "loss"], "values": [{"value": 1.5092810561785495e+26, "step": null, "ts": 1732095190.3767843}]}, "version": 90, "at": 1732095190.3768327}
{"obj": {"type": "LogFloats", "path": ["train", "batch", "loss"], "values": [{"value": 1.1764790113598981e+26, "step": null, "ts": 1732095194.6778178}]}, "version": 91, "at": 1732095194.6778705}
{"obj": {"type": "LogFloats", "path": ["train", "batch", "loss"], "values": [{"value": 1.3365203803992319e+26, "step": null, "ts": 1732095199.0347917}]}, "version": 92, "at": 1732095199.034841}
{"obj": {"type": "LogFloats", "path": ["train", "batch", "loss"], "values": [{"value": 1.0417685268151416e+26, "step": null, "ts": 1732095203.344652}]}, "version": 93, "at": 1732095203.3447478}
{"obj": {"type": "LogFloats", "path": ["train", "batch", "loss"], "values": [{"value": 1.0654734230533417e+26, "step": null, "ts": 1732095207.6762214}]}, "version": 94, "at": 1732095207.676294}
{"obj": {"type": "LogFloats", "path": ["train", "batch", "loss"], "values": [{"value": 9.619858052940256e+25, "step": null, "ts": 1732095212.0464673}]}, "version": 95, "at": 1732095212.0465271}
{"obj": {"type": "LogFloats", "path": ["train", "batch", "loss"], "values": [{"value": 1.3342931205197722e+26, "step": null, "ts": 1732095216.536836}]}, "version": 96, "at": 1732095216.536889}
{"obj": {"type": "LogFloats", "path": ["train", "batch", "loss"], "values": [{"value": 1.388815516342393e+26, "step": null, "ts": 1732095220.8947449}]}, "version": 97, "at": 1732095220.8947995}
{"obj": {"type": "LogFloats", "path": ["train", "batch", "loss"], "values": [{"value": 1.3208916531839426e+26, "step": null, "ts": 1732095225.259048}]}, "version": 98, "at": 1732095225.2591}
{"obj": {"type": "LogFloats", "path": ["train", "batch", "loss"], "values": [{"value": 1.0424855517572867e+26, "step": null, "ts": 1732095229.5311606}]}, "version": 99, "at": 1732095229.5312204}
{"obj": {"type": "LogFloats", "path": ["train", "batch", "loss"], "values": [{"value": 1.2368804767525305e+26, "step": null, "ts": 1732095233.9594638}]}, "version": 100, "at": 1732095233.9595158}
{"obj": {"type": "LogFloats", "path": ["train", "batch", "loss"], "values": [{"value": 9.889025563766196e+25, "step": null, "ts": 1732095238.341195}]}, "version": 101, "at": 1732095238.341251}
{"obj": {"type": "LogFloats", "path": ["train", "batch", "loss"], "values": [{"value": 1.112982366779138e+26, "step": null, "ts": 1732095242.622317}]}, "version": 102, "at": 1732095242.622359}
{"obj": {"type": "LogFloats", "path": ["train", "batch", "loss"], "values": [{"value": 1.3456507808459552e+26, "step": null, "ts": 1732095246.9219556}]}, "version": 103, "at": 1732095246.922001}
{"obj": {"type": "LogFloats", "path": ["train", "batch", "loss"], "values": [{"value": 5.2498647802479844e+26, "step": null, "ts": 1732095251.2418926}]}, "version": 104, "at": 1732095251.2419467}
{"obj": {"type": "LogFloats", "path": ["train", "batch", "loss"], "values": [{"value": 1.4506469733356192e+26, "step": null, "ts": 1732095255.610873}]}, "version": 105, "at": 1732095255.6109293}
{"obj": {"type": "LogFloats", "path": ["train", "batch", "loss"], "values": [{"value": 5.550855507145244e+26, "step": null, "ts": 1732095259.9447675}]}, "version": 106, "at": 1732095259.9448223}
{"obj": {"type": "LogFloats", "path": ["train", "batch", "loss"], "values": [{"value": 4.147863667982205e+26, "step": null, "ts": 1732095264.2978199}]}, "version": 107, "at": 1732095264.2978652}
{"obj": {"type": "LogFloats", "path": ["train", "batch", "loss"], "values": [{"value": 1.0904057656422064e+26, "step": null, "ts": 1732095268.75399}]}, "version": 108, "at": 1732095268.7540448}
{"obj": {"type": "LogFloats", "path": ["train", "batch", "loss"], "values": [{"value": 1.2248535685513533e+26, "step": null, "ts": 1732095273.1762948}]}, "version": 109, "at": 1732095273.1763792}
{"obj": {"type": "LogFloats", "path": ["train", "batch", "loss"], "values": [{"value": 1.0141863094400885e+26, "step": null, "ts": 1732095277.5732358}]}, "version": 110, "at": 1732095277.5733037}
{"obj": {"type": "LogFloats", "path": ["train", "batch", "loss"], "values": [{"value": 1.2309329697620054e+26, "step": null, "ts": 1732095281.857441}]}, "version": 111, "at": 1732095281.8574965}
{"obj": {"type": "LogFloats", "path": ["train", "batch", "loss"], "values": [{"value": 1.169211086428577e+26, "step": null, "ts": 1732095286.1706471}]}, "version": 112, "at": 1732095286.1707065}
{"obj": {"type": "LogFloats", "path": ["train", "batch", "loss"], "values": [{"value": 2.0336004999376426e+27, "step": null, "ts": 1732095290.5663595}]}, "version": 113, "at": 1732095290.566412}
{"obj": {"type": "LogFloats", "path": ["train", "batch", "loss"], "values": [{"value": 2.3346876295194314e+26, "step": null, "ts": 1732095294.810456}]}, "version": 114, "at": 1732095294.8105083}
{"obj": {"type": "LogFloats", "path": ["train", "batch", "loss"], "values": [{"value": 1.0244305242939824e+26, "step": null, "ts": 1732095299.178861}]}, "version": 115, "at": 1732095299.1789134}
{"obj": {"type": "LogFloats", "path": ["train", "batch", "loss"], "values": [{"value": 1.3876619492017435e+26, "step": null, "ts": 1732095303.4784033}]}, "version": 116, "at": 1732095303.478458}
{"obj": {"type": "LogFloats", "path": ["train", "batch", "loss"], "values": [{"value": 1.3772169415386073e+26, "step": null, "ts": 1732095307.7588944}]}, "version": 117, "at": 1732095307.7589471}
{"obj": {"type": "LogFloats", "path": ["train", "batch", "loss"], "values": [{"value": 1.5719868888408696e+26, "step": null, "ts": 1732095311.9842577}]}, "version": 118, "at": 1732095311.98431}
{"obj": {"type": "LogFloats", "path": ["train", "batch", "loss"], "values": [{"value": 1.1415815531549748e+26, "step": null, "ts": 1732095316.2332413}]}, "version": 119, "at": 1732095316.233298}
{"obj": {"type": "LogFloats", "path": ["train", "batch", "loss"], "values": [{"value": 2.5100680196583768e+26, "step": null, "ts": 1732095320.4848197}]}, "version": 120, "at": 1732095320.484871}
{"obj": {"type": "LogFloats", "path": ["train", "batch", "loss"], "values": [{"value": 1.2430249949697628e+26, "step": null, "ts": 1732095324.7470171}]}, "version": 121, "at": 1732095324.7470589}
{"obj": {"type": "LogFloats", "path": ["train", "batch", "loss"], "values": [{"value": 2.4570050379931476e+26, "step": null, "ts": 1732095328.9518065}]}, "version": 122, "at": 1732095328.9518578}
{"obj": {"type": "LogFloats", "path": ["train", "batch", "loss"], "values": [{"value": 1.9978714809566205e+26, "step": null, "ts": 1732095333.2705846}]}, "version": 123, "at": 1732095333.27064}
{"obj": {"type": "LogFloats", "path": ["train", "batch", "loss"], "values": [{"value": 1.233575373616844e+26, "step": null, "ts": 1732095337.668843}]}, "version": 124, "at": 1732095337.6688976}
{"obj": {"type": "LogFloats", "path": ["train", "batch", "loss"], "values": [{"value": 1.515908879090513e+26, "step": null, "ts": 1732095342.0210178}]}, "version": 125, "at": 1732095342.0210583}
{"obj": {"type": "LogFloats", "path": ["train", "batch", "loss"], "values": [{"value": 1.1756109998175097e+26, "step": null, "ts": 1732095346.360263}]}, "version": 126, "at": 1732095346.3603134}
{"obj": {"type": "LogFloats", "path": ["train", "batch", "loss"], "values": [{"value": 1.1438076139960697e+26, "step": null, "ts": 1732095350.6990168}]}, "version": 127, "at": 1732095350.6990564}
{"obj": {"type": "LogFloats", "path": ["train", "batch", "loss"], "values": [{"value": 1.1415815531549748e+26, "step": null, "ts": 1732095354.95101}]}, "version": 128, "at": 1732095354.9510636}
{"obj": {"type": "LogFloats", "path": ["train", "batch", "loss"], "values": [{"value": 1.176478734658737e+26, "step": null, "ts": 1732095359.2481663}]}, "version": 129, "at": 1732095359.248216}
{"obj": {"type": "LogFloats", "path": ["train", "batch", "loss"], "values": [{"value": 1.2982033570116446e+26, "step": null, "ts": 1732095363.4813895}]}, "version": 130, "at": 1732095363.481565}
{"obj": {"type": "LogFloats", "path": ["train", "batch", "loss"], "values": [{"value": 9.144363709649874e+25, "step": null, "ts": 1732095367.9132566}]}, "version": 131, "at": 1732095367.91331}
{"obj": {"type": "LogFloats", "path": ["train", "batch", "loss"], "values": [{"value": 1.3410877942318824e+26, "step": null, "ts": 1732095372.294971}]}, "version": 132, "at": 1732095372.295028}
{"obj": {"type": "LogFloats", "path": ["train", "batch", "loss"], "values": [{"value": 1.3106106370756217e+26, "step": null, "ts": 1732095376.6349704}]}, "version": 133, "at": 1732095376.6350305}
{"obj": {"type": "LogFloats", "path": ["train", "batch", "loss"], "values": [{"value": 2.5707424968633e+26, "step": null, "ts": 1732095381.0063589}]}, "version": 134, "at": 1732095381.0064096}
{"obj": {"type": "LogFloats", "path": ["train", "batch", "loss"], "values": [{"value": 1.2556493932114874e+26, "step": null, "ts": 1732095385.2890284}]}, "version": 135, "at": 1732095385.2890797}
{"obj": {"type": "LogFloats", "path": ["train", "batch", "loss"], "values": [{"value": 1.1065999777970753e+26, "step": null, "ts": 1732095389.6674523}]}, "version": 136, "at": 1732095389.6674929}
{"obj": {"type": "LogFloats", "path": ["train", "batch", "loss"], "values": [{"value": 1.209265885341628e+26, "step": null, "ts": 1732095394.0360281}]}, "version": 137, "at": 1732095394.0360913}
{"obj": {"type": "LogFloats", "path": ["train", "batch", "loss"], "values": [{"value": 1.6002135432201378e+26, "step": null, "ts": 1732095398.3658442}]}, "version": 138, "at": 1732095398.3658895}
{"obj": {"type": "LogFloats", "path": ["train", "batch", "loss"], "values": [{"value": 1.4506469733356192e+26, "step": null, "ts": 1732095402.6746242}]}, "version": 139, "at": 1732095402.674675}
{"obj": {"type": "LogFloats", "path": ["train", "batch", "loss"], "values": [{"value": 1.06420917544825e+26, "step": null, "ts": 1732095407.0236042}]}, "version": 140, "at": 1732095407.0236554}
{"obj": {"type": "LogFloats", "path": ["train", "batch", "loss"], "values": [{"value": 1.4378431805077778e+26, "step": null, "ts": 1732095411.356735}]}, "version": 141, "at": 1732095411.3567765}
{"obj": {"type": "LogFloats", "path": ["train", "batch", "loss"], "values": [{"value": 1.5708529674826587e+26, "step": null, "ts": 1732095415.6969194}]}, "version": 142, "at": 1732095415.697026}
{"obj": {"type": "LogFloats", "path": ["train", "batch", "loss"], "values": [{"value": 1.3365201959317911e+26, "step": null, "ts": 1732095420.0967908}]}, "version": 143, "at": 1732095420.0968385}
{"obj": {"type": "LogFloats", "path": ["train", "batch", "loss"], "values": [{"value": 1.0617256902936065e+26, "step": null, "ts": 1732095424.4329984}]}, "version": 144, "at": 1732095424.4330485}
{"obj": {"type": "LogFloats", "path": ["train", "batch", "loss"], "values": [{"value": 3.322206218921921e+26, "step": null, "ts": 1732095428.8389862}]}, "version": 145, "at": 1732095428.8390393}
{"obj": {"type": "LogFloats", "path": ["train", "batch", "loss"], "values": [{"value": 1.1766137648253566e+26, "step": null, "ts": 1732095433.2030358}]}, "version": 146, "at": 1732095433.2030768}
{"obj": {"type": "LogFloats", "path": ["train", "batch", "loss"], "values": [{"value": 1.2192072046578316e+26, "step": null, "ts": 1732095437.5573611}]}, "version": 147, "at": 1732095437.5574126}
{"obj": {"type": "LogFloats", "path": ["train", "batch", "loss"], "values": [{"value": 1.3042051896634667e+26, "step": null, "ts": 1732095442.0299902}]}, "version": 148, "at": 1732095442.0300403}
{"obj": {"type": "LogFloats", "path": ["train", "batch", "loss"], "values": [{"value": 1.415532304719228e+26, "step": null, "ts": 1732095446.334004}]}, "version": 149, "at": 1732095446.3340564}
{"obj": {"type": "LogFloats", "path": ["train", "batch", "loss"], "values": [{"value": 1.1012874999712877e+26, "step": null, "ts": 1732095450.7591505}]}, "version": 150, "at": 1732095450.7591965}
{"obj": {"type": "LogFloats", "path": ["train", "batch", "loss"], "values": [{"value": 1.3267510769715157e+26, "step": null, "ts": 1732095455.0294647}]}, "version": 151, "at": 1732095455.029511}
{"obj": {"type": "LogFloats", "path": ["train", "batch", "loss"], "values": [{"value": 1.5982331007763843e+26, "step": null, "ts": 1732095459.2985368}]}, "version": 152, "at": 1732095459.2985861}
{"obj": {"type": "LogFloats", "path": ["train", "batch", "loss"], "values": [{"value": 1.0729663982623621e+26, "step": null, "ts": 1732095463.5568035}]}, "version": 153, "at": 1732095463.5568538}
{"obj": {"type": "LogFloats", "path": ["train", "loss"], "values": [{"value": 1.24014057131249e+28, "step": null, "ts": 1732095463.559999}]}, "version": 154, "at": 1732095463.560033}
